{"/home/travis/build/npmtest/node-npmtest-fauxton/test.js":{"path":"/home/travis/build/npmtest/node-npmtest-fauxton/test.js","s":{"1":2,"2":2,"3":2,"4":2,"5":2,"6":2,"7":2,"8":1,"9":2,"10":2,"11":1,"12":1,"13":1,"14":1,"15":2,"16":2,"17":2,"18":2,"19":1,"20":1,"21":2,"22":2,"23":2,"24":1,"25":1,"26":1,"27":1,"28":1,"29":1,"30":1,"31":1,"32":1,"33":1,"34":1,"35":1,"36":1,"37":1,"38":1,"39":2,"40":2,"41":1,"42":2,"43":2,"44":1,"45":2,"46":2,"47":1,"48":2,"49":2,"50":1,"51":1,"52":1,"53":1,"54":1},"b":{"1":[2,1,1,1],"2":[1,1,1,1],"3":[1,1],"4":[1,1],"5":[1,1],"6":[1,1],"7":[1,1],"8":[1,1],"9":[1,1],"10":[1,1,1],"11":[1,1],"12":[1,1],"13":[1,1],"14":[1,1],"15":[1,1],"16":[1,1],"17":[1,1]},"f":{"1":2,"2":2,"3":2,"4":2,"5":2,"6":1,"7":1,"8":1,"9":2,"10":2,"11":2,"12":2,"13":1},"fnMap":{"1":{"name":"(anonymous_1)","line":12,"loc":{"start":{"line":12,"column":1},"end":{"line":12,"column":13}}},"2":{"name":"(anonymous_2)","line":19,"loc":{"start":{"line":19,"column":5},"end":{"line":19,"column":17}}},"3":{"name":"(anonymous_3)","line":23,"loc":{"start":{"line":23,"column":24},"end":{"line":23,"column":36}}},"4":{"name":"(anonymous_4)","line":61,"loc":{"start":{"line":61,"column":5},"end":{"line":61,"column":17}}},"5":{"name":"(anonymous_5)","line":82,"loc":{"start":{"line":82,"column":5},"end":{"line":82,"column":17}}},"6":{"name":"(anonymous_6)","line":91,"loc":{"start":{"line":91,"column":77},"end":{"line":94,"column":10}}},"7":{"name":"(anonymous_7)","line":112,"loc":{"start":{"line":112,"column":83},"end":{"line":115,"column":10}},"skip":true},"8":{"name":"(anonymous_8)","line":123,"loc":{"start":{"line":123,"column":77},"end":{"line":126,"column":10}},"skip":true},"9":{"name":"(anonymous_9)","line":139,"loc":{"start":{"line":139,"column":12},"end":{"line":139,"column":40}},"skip":true},"10":{"name":"(anonymous_10)","line":147,"loc":{"start":{"line":147,"column":77},"end":{"line":150,"column":10}},"skip":true},"11":{"name":"(anonymous_11)","line":158,"loc":{"start":{"line":158,"column":83},"end":{"line":161,"column":10}},"skip":true},"12":{"name":"(anonymous_12)","line":169,"loc":{"start":{"line":169,"column":79},"end":{"line":172,"column":10}},"skip":true},"13":{"name":"(anonymous_13)","line":180,"loc":{"start":{"line":180,"column":75},"end":{"line":183,"column":10}},"skip":true}},"statementMap":{"1":{"start":{"line":12,"column":0},"end":{"line":195,"column":5}},"2":{"start":{"line":14,"column":4},"end":{"line":14,"column":14}},"3":{"start":{"line":19,"column":4},"end":{"line":56,"column":9}},"4":{"start":{"line":21,"column":8},"end":{"line":21,"column":19}},"5":{"start":{"line":23,"column":8},"end":{"line":35,"column":13}},"6":{"start":{"line":24,"column":12},"end":{"line":34,"column":13}},"7":{"start":{"line":25,"column":16},"end":{"line":28,"column":30}},"8":{"start":{"line":30,"column":16},"end":{"line":33,"column":27}},"9":{"start":{"line":37,"column":8},"end":{"line":39,"column":21}},"10":{"start":{"line":40,"column":8},"end":{"line":53,"column":9}},"11":{"start":{"line":43,"column":12},"end":{"line":46,"column":14}},"12":{"start":{"line":47,"column":12},"end":{"line":47,"column":18}},"13":{"start":{"line":50,"column":12},"end":{"line":51,"column":46}},"14":{"start":{"line":52,"column":12},"end":{"line":52,"column":18}},"15":{"start":{"line":55,"column":8},"end":{"line":55,"column":35}},"16":{"start":{"line":61,"column":4},"end":{"line":63,"column":9}},"17":{"start":{"line":62,"column":8},"end":{"line":62,"column":15}},"18":{"start":{"line":64,"column":4},"end":{"line":77,"column":5}},"19":{"start":{"line":70,"column":8},"end":{"line":70,"column":14}},"20":{"start":{"line":76,"column":8},"end":{"line":76,"column":14}},"21":{"start":{"line":82,"column":4},"end":{"line":84,"column":9}},"22":{"start":{"line":83,"column":8},"end":{"line":83,"column":15}},"23":{"start":{"line":85,"column":4},"end":{"line":194,"column":5}},"24":{"start":{"line":91,"column":8},"end":{"line":99,"column":10}},"25":{"start":{"line":98,"column":12},"end":{"line":98,"column":35}},"26":{"start":{"line":102,"column":8},"end":{"line":104,"column":63}},"27":{"start":{"line":105,"column":8},"end":{"line":105,"column":14}},"28":{"start":{"line":112,"column":8},"end":{"line":121,"column":10},"skip":true},"29":{"start":{"line":119,"column":12},"end":{"line":119,"column":55},"skip":true},"30":{"start":{"line":120,"column":12},"end":{"line":120,"column":48},"skip":true},"31":{"start":{"line":123,"column":8},"end":{"line":136,"column":10},"skip":true},"32":{"start":{"line":130,"column":12},"end":{"line":130,"column":76},"skip":true},"33":{"start":{"line":131,"column":12},"end":{"line":131,"column":73},"skip":true},"34":{"start":{"line":132,"column":12},"end":{"line":132,"column":74},"skip":true},"35":{"start":{"line":133,"column":12},"end":{"line":133,"column":79},"skip":true},"36":{"start":{"line":134,"column":12},"end":{"line":134,"column":25},"skip":true},"37":{"start":{"line":135,"column":12},"end":{"line":135,"column":45},"skip":true},"38":{"start":{"line":138,"column":8},"end":{"line":145,"column":14},"skip":true},"39":{"start":{"line":143,"column":16},"end":{"line":143,"column":29},"skip":true},"40":{"start":{"line":144,"column":16},"end":{"line":144,"column":55},"skip":true},"41":{"start":{"line":147,"column":8},"end":{"line":156,"column":10},"skip":true},"42":{"start":{"line":154,"column":12},"end":{"line":154,"column":25},"skip":true},"43":{"start":{"line":155,"column":12},"end":{"line":155,"column":45},"skip":true},"44":{"start":{"line":158,"column":8},"end":{"line":167,"column":10},"skip":true},"45":{"start":{"line":165,"column":12},"end":{"line":165,"column":25},"skip":true},"46":{"start":{"line":166,"column":12},"end":{"line":166,"column":48},"skip":true},"47":{"start":{"line":169,"column":8},"end":{"line":178,"column":10},"skip":true},"48":{"start":{"line":176,"column":12},"end":{"line":176,"column":25},"skip":true},"49":{"start":{"line":177,"column":12},"end":{"line":177,"column":46},"skip":true},"50":{"start":{"line":180,"column":8},"end":{"line":189,"column":10},"skip":true},"51":{"start":{"line":187,"column":12},"end":{"line":187,"column":94},"skip":true},"52":{"start":{"line":188,"column":12},"end":{"line":188,"column":48},"skip":true},"53":{"start":{"line":192,"column":8},"end":{"line":192,"column":35},"skip":true},"54":{"start":{"line":193,"column":8},"end":{"line":193,"column":14},"skip":true}},"branchMap":{"1":{"line":25,"type":"binary-expr","locations":[{"start":{"line":25,"column":23},"end":{"line":25,"column":62}},{"start":{"line":26,"column":20},"end":{"line":26,"column":70}},{"start":{"line":27,"column":20},"end":{"line":27,"column":71}},{"start":{"line":28,"column":20},"end":{"line":28,"column":29}}]},"2":{"line":30,"type":"binary-expr","locations":[{"start":{"line":30,"column":23},"end":{"line":30,"column":37}},{"start":{"line":31,"column":20},"end":{"line":31,"column":61}},{"start":{"line":32,"column":20},"end":{"line":32,"column":70}},{"start":{"line":33,"column":20},"end":{"line":33,"column":26}}]},"3":{"line":37,"type":"cond-expr","locations":[{"start":{"line":38,"column":14},"end":{"line":38,"column":20}},{"start":{"line":39,"column":14},"end":{"line":39,"column":20}}]},"4":{"line":40,"type":"switch","locations":[{"start":{"line":42,"column":8},"end":{"line":47,"column":18}},{"start":{"line":49,"column":8},"end":{"line":52,"column":18}}]},"5":{"line":44,"type":"binary-expr","locations":[{"start":{"line":44,"column":16},"end":{"line":44,"column":44}},{"start":{"line":44,"column":48},"end":{"line":44,"column":66}}]},"6":{"line":50,"type":"binary-expr","locations":[{"start":{"line":50,"column":21},"end":{"line":50,"column":49}},{"start":{"line":50,"column":53},"end":{"line":50,"column":72}}]},"7":{"line":64,"type":"switch","locations":[{"start":{"line":69,"column":4},"end":{"line":70,"column":14}},{"start":{"line":75,"column":4},"end":{"line":76,"column":14}}]},"8":{"line":85,"type":"switch","locations":[{"start":{"line":90,"column":4},"end":{"line":105,"column":14}},{"start":{"line":111,"column":4},"end":{"line":193,"column":14},"skip":true}]},"9":{"line":91,"type":"binary-expr","locations":[{"start":{"line":91,"column":42},"end":{"line":91,"column":73}},{"start":{"line":91,"column":77},"end":{"line":99,"column":9}}]},"10":{"line":102,"type":"binary-expr","locations":[{"start":{"line":102,"column":18},"end":{"line":102,"column":32}},{"start":{"line":103,"column":12},"end":{"line":103,"column":53}},{"start":{"line":104,"column":12},"end":{"line":104,"column":61}}]},"11":{"line":112,"type":"binary-expr","locations":[{"start":{"line":112,"column":45},"end":{"line":112,"column":79},"skip":true},{"start":{"line":112,"column":83},"end":{"line":121,"column":9},"skip":true}]},"12":{"line":123,"type":"binary-expr","locations":[{"start":{"line":123,"column":42},"end":{"line":123,"column":73},"skip":true},{"start":{"line":123,"column":77},"end":{"line":136,"column":9},"skip":true}]},"13":{"line":138,"type":"binary-expr","locations":[{"start":{"line":138,"column":48},"end":{"line":138,"column":85},"skip":true},{"start":{"line":139,"column":12},"end":{"line":145,"column":13},"skip":true}]},"14":{"line":147,"type":"binary-expr","locations":[{"start":{"line":147,"column":42},"end":{"line":147,"column":73},"skip":true},{"start":{"line":147,"column":77},"end":{"line":156,"column":9},"skip":true}]},"15":{"line":158,"type":"binary-expr","locations":[{"start":{"line":158,"column":45},"end":{"line":158,"column":79},"skip":true},{"start":{"line":158,"column":83},"end":{"line":167,"column":9},"skip":true}]},"16":{"line":169,"type":"binary-expr","locations":[{"start":{"line":169,"column":43},"end":{"line":169,"column":75},"skip":true},{"start":{"line":169,"column":79},"end":{"line":178,"column":9},"skip":true}]},"17":{"line":180,"type":"binary-expr","locations":[{"start":{"line":180,"column":41},"end":{"line":180,"column":71},"skip":true},{"start":{"line":180,"column":75},"end":{"line":189,"column":9},"skip":true}]}},"code":["/* istanbul instrument in package npmtest_fauxton */","/*jslint","    bitwise: true,","    browser: true,","    maxerr: 8,","    maxlen: 96,","    node: true,","    nomen: true,","    regexp: true,","    stupid: true","*/","(function () {","    'use strict';","    var local;","","","","    // run shared js-env code - pre-init","    (function () {","        // init local","        local = {};","        // init modeJs","        local.modeJs = (function () {","            try {","                return typeof navigator.userAgent === 'string' &&","                    typeof document.querySelector('body') === 'object' &&","                    typeof XMLHttpRequest.prototype.open === 'function' &&","                    'browser';","            } catch (errorCaughtBrowser) {","                return module.exports &&","                    typeof process.versions.node === 'string' &&","                    typeof require('http').createServer === 'function' &&","                    'node';","            }","        }());","        // init global","        local.global = local.modeJs === 'browser'","            ? window","            : global;","        switch (local.modeJs) {","        // re-init local from window.local","        case 'browser':","            local = local.global.utility2.objectSetDefault(","                local.global.utility2_rollup || local.global.local,","                local.global.utility2","            );","            break;","        // re-init local from example.js","        case 'node':","            local = (local.global.utility2_rollup || require('utility2'))","                .requireExampleJsFromReadme();","            break;","        }","        // export local","        local.global.local = local;","    }());","","","","    // run shared js-env code - function","    (function () {","        return;","    }());","    switch (local.modeJs) {","","","","    // run browser js-env code - function","    case 'browser':","        break;","","","","    // run node js-env code - function","    case 'node':","        break;","    }","","","","    // run shared js-env code - post-init","    (function () {","        return;","    }());","    switch (local.modeJs) {","","","","    // run browser js-env code - post-init","    case 'browser':","        local.testCase_browser_nullCase = local.testCase_browser_nullCase || function (","            options,","            onError","        ) {","        /*","         * this function will test browsers's null-case handling-behavior-behavior","         */","            onError(null, options);","        };","","        // run tests","        local.nop(local.modeTest &&","            document.querySelector('#testRunButton1') &&","            document.querySelector('#testRunButton1').click());","        break;","","","","    // run node js-env code - post-init","    /* istanbul ignore next */","    case 'node':","        local.testCase_buildApidoc_default = local.testCase_buildApidoc_default || function (","            options,","            onError","        ) {","        /*","         * this function will test buildApidoc's default handling-behavior-behavior","         */","            options = { modulePathList: module.paths };","            local.buildApidoc(options, onError);","        };","","        local.testCase_buildApp_default = local.testCase_buildApp_default || function (","            options,","            onError","        ) {","        /*","         * this function will test buildApp's default handling-behavior-behavior","         */","            local.testCase_buildReadme_default(options, local.onErrorThrow);","            local.testCase_buildLib_default(options, local.onErrorThrow);","            local.testCase_buildTest_default(options, local.onErrorThrow);","            local.testCase_buildCustomOrg_default(options, local.onErrorThrow);","            options = [];","            local.buildApp(options, onError);","        };","","        local.testCase_buildCustomOrg_default = local.testCase_buildCustomOrg_default ||","            function (options, onError) {","            /*","             * this function will test buildCustomOrg's default handling-behavior","             */","                options = {};","                local.buildCustomOrg(options, onError);","            };","","        local.testCase_buildLib_default = local.testCase_buildLib_default || function (","            options,","            onError","        ) {","        /*","         * this function will test buildLib's default handling-behavior","         */","            options = {};","            local.buildLib(options, onError);","        };","","        local.testCase_buildReadme_default = local.testCase_buildReadme_default || function (","            options,","            onError","        ) {","        /*","         * this function will test buildReadme's default handling-behavior-behavior","         */","            options = {};","            local.buildReadme(options, onError);","        };","","        local.testCase_buildTest_default = local.testCase_buildTest_default || function (","            options,","            onError","        ) {","        /*","         * this function will test buildTest's default handling-behavior","         */","            options = {};","            local.buildTest(options, onError);","        };","","        local.testCase_webpage_default = local.testCase_webpage_default || function (","            options,","            onError","        ) {","        /*","         * this function will test webpage's default handling-behavior","         */","            options = { modeCoverageMerge: true, url: local.serverLocalHost + '?modeTest=1' };","            local.browserTest(options, onError);","        };","","        // run test-server","        local.testRunServer(local);","        break;","    }","}());",""],"l":{"12":2,"14":2,"19":2,"21":2,"23":2,"24":2,"25":2,"30":1,"37":2,"40":2,"43":1,"47":1,"50":1,"52":1,"55":2,"61":2,"62":2,"64":2,"70":1,"76":1,"82":2,"83":2,"85":2,"91":1,"98":1,"102":1,"105":1,"112":1,"119":1,"120":1,"123":1,"130":1,"131":1,"132":1,"133":1,"134":1,"135":1,"138":1,"143":2,"144":2,"147":1,"154":2,"155":2,"158":1,"165":2,"166":2,"169":1,"176":2,"177":2,"180":1,"187":1,"188":1,"192":1,"193":1}},"/home/travis/build/npmtest/node-npmtest-fauxton/lib.npmtest_fauxton.js":{"path":"/home/travis/build/npmtest/node-npmtest-fauxton/lib.npmtest_fauxton.js","s":{"1":2,"2":2,"3":2,"4":2,"5":2,"6":2,"7":2,"8":1,"9":2,"10":2,"11":2,"12":2,"13":1,"14":1,"15":1,"16":1},"b":{"1":[2,1,1,1],"2":[1,1,1,1],"3":[1,1],"4":[2,2],"5":[1,1]},"f":{"1":2,"2":2,"3":2},"fnMap":{"1":{"name":"(anonymous_1)","line":12,"loc":{"start":{"line":12,"column":1},"end":{"line":12,"column":13}}},"2":{"name":"(anonymous_2)","line":19,"loc":{"start":{"line":19,"column":5},"end":{"line":19,"column":17}}},"3":{"name":"(anonymous_3)","line":23,"loc":{"start":{"line":23,"column":24},"end":{"line":23,"column":36}}}},"statementMap":{"1":{"start":{"line":12,"column":0},"end":{"line":53,"column":5}},"2":{"start":{"line":14,"column":4},"end":{"line":14,"column":14}},"3":{"start":{"line":19,"column":4},"end":{"line":52,"column":9}},"4":{"start":{"line":21,"column":8},"end":{"line":21,"column":19}},"5":{"start":{"line":23,"column":8},"end":{"line":35,"column":13}},"6":{"start":{"line":24,"column":12},"end":{"line":34,"column":13}},"7":{"start":{"line":25,"column":16},"end":{"line":28,"column":30}},"8":{"start":{"line":30,"column":16},"end":{"line":33,"column":27}},"9":{"start":{"line":37,"column":8},"end":{"line":39,"column":21}},"10":{"start":{"line":41,"column":8},"end":{"line":41,"column":54}},"11":{"start":{"line":43,"column":8},"end":{"line":43,"column":52}},"12":{"start":{"line":45,"column":8},"end":{"line":51,"column":9}},"13":{"start":{"line":46,"column":12},"end":{"line":46,"column":58}},"14":{"start":{"line":48,"column":12},"end":{"line":48,"column":35}},"15":{"start":{"line":49,"column":12},"end":{"line":49,"column":49}},"16":{"start":{"line":50,"column":12},"end":{"line":50,"column":43}}},"branchMap":{"1":{"line":25,"type":"binary-expr","locations":[{"start":{"line":25,"column":23},"end":{"line":25,"column":62}},{"start":{"line":26,"column":20},"end":{"line":26,"column":70}},{"start":{"line":27,"column":20},"end":{"line":27,"column":71}},{"start":{"line":28,"column":20},"end":{"line":28,"column":29}}]},"2":{"line":30,"type":"binary-expr","locations":[{"start":{"line":30,"column":23},"end":{"line":30,"column":37}},{"start":{"line":31,"column":20},"end":{"line":31,"column":61}},{"start":{"line":32,"column":20},"end":{"line":32,"column":70}},{"start":{"line":33,"column":20},"end":{"line":33,"column":26}}]},"3":{"line":37,"type":"cond-expr","locations":[{"start":{"line":38,"column":14},"end":{"line":38,"column":20}},{"start":{"line":39,"column":14},"end":{"line":39,"column":20}}]},"4":{"line":41,"type":"binary-expr","locations":[{"start":{"line":41,"column":16},"end":{"line":41,"column":44}},{"start":{"line":41,"column":48},"end":{"line":41,"column":53}}]},"5":{"line":45,"type":"if","locations":[{"start":{"line":45,"column":8},"end":{"line":45,"column":8}},{"start":{"line":45,"column":8},"end":{"line":45,"column":8}}]}},"code":["/* istanbul instrument in package npmtest_fauxton */","/*jslint","    bitwise: true,","    browser: true,","    maxerr: 8,","    maxlen: 96,","    node: true,","    nomen: true,","    regexp: true,","    stupid: true","*/","(function () {","    'use strict';","    var local;","","","","    // run shared js-env code - pre-init","    (function () {","        // init local","        local = {};","        // init modeJs","        local.modeJs = (function () {","            try {","                return typeof navigator.userAgent === 'string' &&","                    typeof document.querySelector('body') === 'object' &&","                    typeof XMLHttpRequest.prototype.open === 'function' &&","                    'browser';","            } catch (errorCaughtBrowser) {","                return module.exports &&","                    typeof process.versions.node === 'string' &&","                    typeof require('http').createServer === 'function' &&","                    'node';","            }","        }());","        // init global","        local.global = local.modeJs === 'browser'","            ? window","            : global;","        // init utility2_rollup","        local = local.global.utility2_rollup || local;","        // init lib","        local.local = local.npmtest_fauxton = local;","        // init exports","        if (local.modeJs === 'browser') {","            local.global.utility2_npmtest_fauxton = local;","        } else {","            module.exports = local;","            module.exports.__dirname = __dirname;","            module.exports.module = module;","        }","    }());","}());",""],"l":{"12":2,"14":2,"19":2,"21":2,"23":2,"24":2,"25":2,"30":1,"37":2,"41":2,"43":2,"45":2,"46":1,"48":1,"49":1,"50":1}},"/home/travis/build/npmtest/node-npmtest-fauxton/example.js":{"path":"/home/travis/build/npmtest/node-npmtest-fauxton/example.js","s":{"1":2,"2":2,"3":2,"4":2,"5":2,"6":2,"7":2,"8":1,"9":2,"10":2,"11":2,"12":2,"13":1,"14":2,"15":2,"16":2,"17":2,"18":2,"19":0,"20":2,"21":1,"22":1,"23":1,"24":1,"25":1,"26":0,"27":0,"28":1,"29":1,"30":2,"31":0,"32":0,"33":0,"34":1,"35":2,"36":2,"37":3,"38":3,"39":3,"40":3,"41":0,"42":3,"43":3,"44":3,"45":1,"46":3,"47":1,"48":1,"49":1,"50":1,"51":1,"52":1,"53":1,"54":1,"55":1,"56":1,"57":0,"58":1,"59":6,"60":6,"61":1,"62":2,"63":0,"64":2,"65":1,"66":1,"67":0,"68":0,"69":0,"70":0,"71":0,"72":0,"73":0,"74":0,"75":0,"76":0,"77":0,"78":0,"79":0,"80":0,"81":0,"82":0,"83":0},"b":{"1":[2,1,1,1],"2":[1,1,1,1],"3":[1,1],"4":[2,2],"5":[1,1],"6":[1,1],"7":[2,0],"8":[2,1,1,1,1,1],"9":[0,2,0],"10":[1,1],"11":[2,1,1],"12":[1,0],"13":[0,2],"14":[2,0,0,0,0,0,0],"15":[0,3],"16":[3,0],"17":[1,1],"18":[0,1],"19":[1,2,0,2],"20":[1,0],"21":[1,1],"22":[0,0],"23":[0,0],"24":[0,0],"25":[0,0],"26":[0,0],"27":[0,0],"28":[0,0]},"f":{"1":2,"2":2,"3":2,"4":2,"5":2,"6":2,"7":3,"8":3,"9":3,"10":1,"11":6,"12":0},"fnMap":{"1":{"name":"(anonymous_1)","line":26,"loc":{"start":{"line":26,"column":1},"end":{"line":26,"column":13}}},"2":{"name":"(anonymous_2)","line":33,"loc":{"start":{"line":33,"column":5},"end":{"line":33,"column":17}}},"3":{"name":"(anonymous_3)","line":37,"loc":{"start":{"line":37,"column":24},"end":{"line":37,"column":36}}},"4":{"name":"(anonymous_4)","line":69,"loc":{"start":{"line":69,"column":31},"end":{"line":69,"column":48}},"skip":true},"5":{"name":"(anonymous_5)","line":78,"loc":{"start":{"line":78,"column":26},"end":{"line":78,"column":45}},"skip":true},"6":{"name":"(anonymous_6)","line":123,"loc":{"start":{"line":123,"column":33},"end":{"line":123,"column":48}},"skip":true},"7":{"name":"(anonymous_7)","line":125,"loc":{"start":{"line":125,"column":27},"end":{"line":125,"column":39}},"skip":true},"8":{"name":"(anonymous_8)","line":133,"loc":{"start":{"line":133,"column":59},"end":{"line":133,"column":74}},"skip":true},"9":{"name":"(anonymous_9)","line":143,"loc":{"start":{"line":143,"column":45},"end":{"line":143,"column":62}},"skip":true},"10":{"name":"(anonymous_10)","line":144,"loc":{"start":{"line":144,"column":73},"end":{"line":144,"column":92}},"skip":true},"11":{"name":"(anonymous_11)","line":272,"loc":{"start":{"line":272,"column":51},"end":{"line":272,"column":77}},"skip":true},"12":{"name":"(anonymous_12)","line":315,"loc":{"start":{"line":315,"column":32},"end":{"line":315,"column":61}},"skip":true}},"statementMap":{"1":{"start":{"line":26,"column":0},"end":{"line":326,"column":5}},"2":{"start":{"line":28,"column":4},"end":{"line":28,"column":14}},"3":{"start":{"line":33,"column":4},"end":{"line":60,"column":9}},"4":{"start":{"line":35,"column":8},"end":{"line":35,"column":19}},"5":{"start":{"line":37,"column":8},"end":{"line":49,"column":13}},"6":{"start":{"line":38,"column":12},"end":{"line":48,"column":13}},"7":{"start":{"line":39,"column":16},"end":{"line":42,"column":30}},"8":{"start":{"line":44,"column":16},"end":{"line":47,"column":27}},"9":{"start":{"line":51,"column":8},"end":{"line":53,"column":21}},"10":{"start":{"line":55,"column":8},"end":{"line":57,"column":45}},"11":{"start":{"line":59,"column":8},"end":{"line":59,"column":35}},"12":{"start":{"line":61,"column":4},"end":{"line":325,"column":5}},"13":{"start":{"line":69,"column":8},"end":{"line":121,"column":10},"skip":true},"14":{"start":{"line":70,"column":12},"end":{"line":88,"column":13},"skip":true},"15":{"start":{"line":76,"column":16},"end":{"line":87,"column":19},"skip":true},"16":{"start":{"line":79,"column":20},"end":{"line":86,"column":21},"skip":true},"17":{"start":{"line":82,"column":24},"end":{"line":82,"column":43},"skip":true},"18":{"start":{"line":83,"column":24},"end":{"line":83,"column":30},"skip":true},"19":{"start":{"line":85,"column":24},"end":{"line":85,"column":49},"skip":true},"20":{"start":{"line":89,"column":12},"end":{"line":107,"column":13},"skip":true},"21":{"start":{"line":92,"column":16},"end":{"line":102,"column":17},"skip":true},"22":{"start":{"line":93,"column":20},"end":{"line":93,"column":86},"skip":true},"23":{"start":{"line":94,"column":20},"end":{"line":95,"column":45},"skip":true},"24":{"start":{"line":96,"column":20},"end":{"line":96,"column":42},"skip":true},"25":{"start":{"line":97,"column":20},"end":{"line":97,"column":48},"skip":true},"26":{"start":{"line":100,"column":20},"end":{"line":100,"column":85},"skip":true},"27":{"start":{"line":101,"column":20},"end":{"line":101,"column":96},"skip":true},"28":{"start":{"line":103,"column":16},"end":{"line":103,"column":22},"skip":true},"29":{"start":{"line":106,"column":16},"end":{"line":106,"column":22},"skip":true},"30":{"start":{"line":108,"column":12},"end":{"line":120,"column":13},"skip":true},"31":{"start":{"line":114,"column":16},"end":{"line":119,"column":17},"skip":true},"32":{"start":{"line":116,"column":20},"end":{"line":116,"column":78},"skip":true},"33":{"start":{"line":118,"column":20},"end":{"line":118,"column":47},"skip":true},"34":{"start":{"line":123,"column":8},"end":{"line":141,"column":11},"skip":true},"35":{"start":{"line":124,"column":12},"end":{"line":124,"column":54},"skip":true},"36":{"start":{"line":125,"column":12},"end":{"line":140,"column":14},"skip":true},"37":{"start":{"line":126,"column":16},"end":{"line":126,"column":28},"skip":true},"38":{"start":{"line":127,"column":16},"end":{"line":127,"column":69},"skip":true},"39":{"start":{"line":128,"column":16},"end":{"line":128,"column":75},"skip":true},"40":{"start":{"line":129,"column":16},"end":{"line":131,"column":17},"skip":true},"41":{"start":{"line":130,"column":20},"end":{"line":130,"column":27},"skip":true},"42":{"start":{"line":133,"column":16},"end":{"line":137,"column":36},"skip":true},"43":{"start":{"line":134,"column":20},"end":{"line":136,"column":55},"skip":true},"44":{"start":{"line":139,"column":16},"end":{"line":139,"column":57},"skip":true},"45":{"start":{"line":143,"column":8},"end":{"line":147,"column":11},"skip":true},"46":{"start":{"line":144,"column":12},"end":{"line":146,"column":15},"skip":true},"47":{"start":{"line":145,"column":16},"end":{"line":145,"column":70},"skip":true},"48":{"start":{"line":149,"column":8},"end":{"line":149,"column":31},"skip":true},"49":{"start":{"line":150,"column":8},"end":{"line":150,"column":14},"skip":true},"50":{"start":{"line":158,"column":8},"end":{"line":158,"column":31},"skip":true},"51":{"start":{"line":160,"column":8},"end":{"line":160,"column":33},"skip":true},"52":{"start":{"line":161,"column":8},"end":{"line":161,"column":37},"skip":true},"53":{"start":{"line":162,"column":8},"end":{"line":162,"column":35},"skip":true},"54":{"start":{"line":164,"column":8},"end":{"line":164,"column":50},"skip":true},"55":{"start":{"line":166,"column":8},"end":{"line":256,"column":2},"skip":true},"56":{"start":{"line":258,"column":8},"end":{"line":286,"column":9},"skip":true},"57":{"start":{"line":259,"column":12},"end":{"line":269,"column":14},"skip":true},"58":{"start":{"line":271,"column":12},"end":{"line":285,"column":19},"skip":true},"59":{"start":{"line":274,"column":20},"end":{"line":274,"column":35},"skip":true},"60":{"start":{"line":275,"column":20},"end":{"line":284,"column":21},"skip":true},"61":{"start":{"line":277,"column":24},"end":{"line":277,"column":64},"skip":true},"62":{"start":{"line":279,"column":24},"end":{"line":279,"column":40},"skip":true},"63":{"start":{"line":281,"column":24},"end":{"line":281,"column":40},"skip":true},"64":{"start":{"line":283,"column":24},"end":{"line":283,"column":39},"skip":true},"65":{"start":{"line":288,"column":8},"end":{"line":290,"column":9},"skip":true},"66":{"start":{"line":289,"column":12},"end":{"line":289,"column":18},"skip":true},"67":{"start":{"line":291,"column":8},"end":{"line":293,"column":54},"skip":true},"68":{"start":{"line":296,"column":8},"end":{"line":301,"column":37},"skip":true},"69":{"start":{"line":303,"column":8},"end":{"line":303,"column":82},"skip":true},"70":{"start":{"line":306,"column":8},"end":{"line":308,"column":9},"skip":true},"71":{"start":{"line":307,"column":12},"end":{"line":307,"column":82},"skip":true},"72":{"start":{"line":310,"column":8},"end":{"line":312,"column":9},"skip":true},"73":{"start":{"line":311,"column":12},"end":{"line":311,"column":18},"skip":true},"74":{"start":{"line":313,"column":8},"end":{"line":313,"column":54},"skip":true},"75":{"start":{"line":314,"column":8},"end":{"line":314,"column":69},"skip":true},"76":{"start":{"line":315,"column":8},"end":{"line":323,"column":36},"skip":true},"77":{"start":{"line":316,"column":12},"end":{"line":316,"column":61},"skip":true},"78":{"start":{"line":317,"column":12},"end":{"line":320,"column":13},"skip":true},"79":{"start":{"line":318,"column":16},"end":{"line":318,"column":75},"skip":true},"80":{"start":{"line":319,"column":16},"end":{"line":319,"column":23},"skip":true},"81":{"start":{"line":321,"column":12},"end":{"line":321,"column":38},"skip":true},"82":{"start":{"line":322,"column":12},"end":{"line":322,"column":27},"skip":true},"83":{"start":{"line":324,"column":8},"end":{"line":324,"column":14},"skip":true}},"branchMap":{"1":{"line":39,"type":"binary-expr","locations":[{"start":{"line":39,"column":23},"end":{"line":39,"column":62}},{"start":{"line":40,"column":20},"end":{"line":40,"column":70}},{"start":{"line":41,"column":20},"end":{"line":41,"column":71}},{"start":{"line":42,"column":20},"end":{"line":42,"column":29}}]},"2":{"line":44,"type":"binary-expr","locations":[{"start":{"line":44,"column":23},"end":{"line":44,"column":37}},{"start":{"line":45,"column":20},"end":{"line":45,"column":61}},{"start":{"line":46,"column":20},"end":{"line":46,"column":70}},{"start":{"line":47,"column":20},"end":{"line":47,"column":26}}]},"3":{"line":51,"type":"cond-expr","locations":[{"start":{"line":52,"column":14},"end":{"line":52,"column":20}},{"start":{"line":53,"column":14},"end":{"line":53,"column":20}}]},"4":{"line":55,"type":"binary-expr","locations":[{"start":{"line":55,"column":16},"end":{"line":55,"column":44}},{"start":{"line":55,"column":49},"end":{"line":57,"column":43}}]},"5":{"line":55,"type":"cond-expr","locations":[{"start":{"line":56,"column":14},"end":{"line":56,"column":51}},{"start":{"line":57,"column":14},"end":{"line":57,"column":43}}]},"6":{"line":61,"type":"switch","locations":[{"start":{"line":68,"column":4},"end":{"line":150,"column":14},"skip":true},{"start":{"line":156,"column":4},"end":{"line":324,"column":14},"skip":true}]},"7":{"line":70,"type":"if","locations":[{"start":{"line":70,"column":12},"end":{"line":70,"column":12},"skip":true},{"start":{"line":70,"column":12},"end":{"line":70,"column":12},"skip":true}]},"8":{"line":70,"type":"binary-expr","locations":[{"start":{"line":70,"column":16},"end":{"line":70,"column":22},"skip":true},{"start":{"line":70,"column":27},"end":{"line":70,"column":32},"skip":true},{"start":{"line":71,"column":20},"end":{"line":71,"column":39},"skip":true},{"start":{"line":72,"column":20},"end":{"line":72,"column":49},"skip":true},{"start":{"line":73,"column":20},"end":{"line":73,"column":58},"skip":true},{"start":{"line":74,"column":20},"end":{"line":74,"column":69},"skip":true}]},"9":{"line":79,"type":"switch","locations":[{"start":{"line":80,"column":20},"end":{"line":80,"column":33},"skip":true},{"start":{"line":81,"column":20},"end":{"line":83,"column":30},"skip":true},{"start":{"line":84,"column":20},"end":{"line":85,"column":49},"skip":true}]},"10":{"line":89,"type":"switch","locations":[{"start":{"line":90,"column":12},"end":{"line":103,"column":22},"skip":true},{"start":{"line":105,"column":12},"end":{"line":106,"column":22},"skip":true}]},"11":{"line":89,"type":"binary-expr","locations":[{"start":{"line":89,"column":20},"end":{"line":89,"column":25},"skip":true},{"start":{"line":89,"column":29},"end":{"line":89,"column":48},"skip":true},{"start":{"line":89,"column":52},"end":{"line":89,"column":74},"skip":true}]},"12":{"line":92,"type":"if","locations":[{"start":{"line":92,"column":16},"end":{"line":92,"column":16},"skip":true},{"start":{"line":92,"column":16},"end":{"line":92,"column":16},"skip":true}]},"13":{"line":108,"type":"if","locations":[{"start":{"line":108,"column":12},"end":{"line":108,"column":12},"skip":true},{"start":{"line":108,"column":12},"end":{"line":108,"column":12},"skip":true}]},"14":{"line":108,"type":"binary-expr","locations":[{"start":{"line":108,"column":16},"end":{"line":108,"column":61},"skip":true},{"start":{"line":108,"column":66},"end":{"line":108,"column":72},"skip":true},{"start":{"line":108,"column":77},"end":{"line":108,"column":82},"skip":true},{"start":{"line":109,"column":20},"end":{"line":109,"column":39},"skip":true},{"start":{"line":110,"column":20},"end":{"line":110,"column":49},"skip":true},{"start":{"line":111,"column":20},"end":{"line":111,"column":58},"skip":true},{"start":{"line":112,"column":20},"end":{"line":112,"column":68},"skip":true}]},"15":{"line":129,"type":"if","locations":[{"start":{"line":129,"column":16},"end":{"line":129,"column":16},"skip":true},{"start":{"line":129,"column":16},"end":{"line":129,"column":16},"skip":true}]},"16":{"line":134,"type":"cond-expr","locations":[{"start":{"line":135,"column":26},"end":{"line":135,"column":29},"skip":true},{"start":{"line":136,"column":26},"end":{"line":136,"column":54},"skip":true}]},"17":{"line":164,"type":"binary-expr","locations":[{"start":{"line":164,"column":27},"end":{"line":164,"column":43},"skip":true},{"start":{"line":164,"column":47},"end":{"line":164,"column":49},"skip":true}]},"18":{"line":258,"type":"if","locations":[{"start":{"line":258,"column":8},"end":{"line":258,"column":8},"skip":true},{"start":{"line":258,"column":8},"end":{"line":258,"column":8},"skip":true}]},"19":{"line":275,"type":"switch","locations":[{"start":{"line":276,"column":20},"end":{"line":277,"column":64},"skip":true},{"start":{"line":278,"column":20},"end":{"line":279,"column":40},"skip":true},{"start":{"line":280,"column":20},"end":{"line":281,"column":40},"skip":true},{"start":{"line":282,"column":20},"end":{"line":283,"column":39},"skip":true}]},"20":{"line":288,"type":"if","locations":[{"start":{"line":288,"column":8},"end":{"line":288,"column":8},"skip":true},{"start":{"line":288,"column":8},"end":{"line":288,"column":8},"skip":true}]},"21":{"line":288,"type":"binary-expr","locations":[{"start":{"line":288,"column":12},"end":{"line":288,"column":40},"skip":true},{"start":{"line":288,"column":44},"end":{"line":288,"column":67},"skip":true}]},"22":{"line":292,"type":"binary-expr","locations":[{"start":{"line":292,"column":12},"end":{"line":292,"column":50},"skip":true},{"start":{"line":293,"column":12},"end":{"line":293,"column":53},"skip":true}]},"23":{"line":297,"type":"binary-expr","locations":[{"start":{"line":297,"column":12},"end":{"line":297,"column":65},"skip":true},{"start":{"line":298,"column":12},"end":{"line":301,"column":36},"skip":true}]},"24":{"line":303,"type":"binary-expr","locations":[{"start":{"line":303,"column":43},"end":{"line":303,"column":75},"skip":true},{"start":{"line":303,"column":79},"end":{"line":303,"column":81},"skip":true}]},"25":{"line":306,"type":"if","locations":[{"start":{"line":306,"column":8},"end":{"line":306,"column":8},"skip":true},{"start":{"line":306,"column":8},"end":{"line":306,"column":8},"skip":true}]},"26":{"line":310,"type":"if","locations":[{"start":{"line":310,"column":8},"end":{"line":310,"column":8},"skip":true},{"start":{"line":310,"column":8},"end":{"line":310,"column":8},"skip":true}]},"27":{"line":313,"type":"binary-expr","locations":[{"start":{"line":313,"column":27},"end":{"line":313,"column":43},"skip":true},{"start":{"line":313,"column":47},"end":{"line":313,"column":53},"skip":true}]},"28":{"line":317,"type":"if","locations":[{"start":{"line":317,"column":12},"end":{"line":317,"column":12},"skip":true},{"start":{"line":317,"column":12},"end":{"line":317,"column":12},"skip":true}]}},"code":["/*","example.js","","quickstart example","","instruction","    1. save this script as example.js","    2. run the shell command:","        $ npm install npmtest-fauxton && PORT=8081 node example.js","    3. play with the browser-demo on http://127.0.0.1:8081","*/","","","","/* istanbul instrument in package npmtest_fauxton */","/*jslint","    bitwise: true,","    browser: true,","    maxerr: 8,","    maxlen: 96,","    node: true,","    nomen: true,","    regexp: true,","    stupid: true","*/","(function () {","    'use strict';","    var local;","","","","    // run shared js-env code - pre-init","    (function () {","        // init local","        local = {};","        // init modeJs","        local.modeJs = (function () {","            try {","                return typeof navigator.userAgent === 'string' &&","                    typeof document.querySelector('body') === 'object' &&","                    typeof XMLHttpRequest.prototype.open === 'function' &&","                    'browser';","            } catch (errorCaughtBrowser) {","                return module.exports &&","                    typeof process.versions.node === 'string' &&","                    typeof require('http').createServer === 'function' &&","                    'node';","            }","        }());","        // init global","        local.global = local.modeJs === 'browser'","            ? window","            : global;","        // init utility2_rollup","        local = local.global.utility2_rollup || (local.modeJs === 'browser'","            ? local.global.utility2_npmtest_fauxton","            : global.utility2_moduleExports);","        // export local","        local.global.local = local;","    }());","    switch (local.modeJs) {","","","","    // post-init","    // run browser js-env code - post-init","    /* istanbul ignore next */","    case 'browser':","        local.testRunBrowser = function (event) {","            if (!event || (event &&","                    event.currentTarget &&","                    event.currentTarget.className &&","                    event.currentTarget.className.includes &&","                    event.currentTarget.className.includes('onreset'))) {","                // reset output","                Array.from(","                    document.querySelectorAll('body > .resettable')","                ).forEach(function (element) {","                    switch (element.tagName) {","                    case 'INPUT':","                    case 'TEXTAREA':","                        element.value = '';","                        break;","                    default:","                        element.textContent = '';","                    }","                });","            }","            switch (event && event.currentTarget && event.currentTarget.id) {","            case 'testRunButton1':","                // show tests","                if (document.querySelector('#testReportDiv1').style.display === 'none') {","                    document.querySelector('#testReportDiv1').style.display = 'block';","                    document.querySelector('#testRunButton1').textContent =","                        'hide internal test';","                    local.modeTest = true;","                    local.testRunDefault(local);","                // hide tests","                } else {","                    document.querySelector('#testReportDiv1').style.display = 'none';","                    document.querySelector('#testRunButton1').textContent = 'run internal test';","                }","                break;","            // custom-case","            default:","                break;","            }","            if (document.querySelector('#inputTextareaEval1') && (!event || (event &&","                    event.currentTarget &&","                    event.currentTarget.className &&","                    event.currentTarget.className.includes &&","                    event.currentTarget.className.includes('oneval')))) {","                // try to eval input-code","                try {","                    /*jslint evil: true*/","                    eval(document.querySelector('#inputTextareaEval1').value);","                } catch (errorCaught) {","                    console.error(errorCaught);","                }","            }","        };","        // log stderr and stdout to #outputTextareaStdout1","        ['error', 'log'].forEach(function (key) {","            console[key + '_original'] = console[key];","            console[key] = function () {","                var element;","                console[key + '_original'].apply(console, arguments);","                element = document.querySelector('#outputTextareaStdout1');","                if (!element) {","                    return;","                }","                // append text to #outputTextareaStdout1","                element.value += Array.from(arguments).map(function (arg) {","                    return typeof arg === 'string'","                        ? arg","                        : JSON.stringify(arg, null, 4);","                }).join(' ') + '\\n';","                // scroll textarea to bottom","                element.scrollTop = element.scrollHeight;","            };","        });","        // init event-handling","        ['change', 'click', 'keyup'].forEach(function (event) {","            Array.from(document.querySelectorAll('.on' + event)).forEach(function (element) {","                element.addEventListener(event, local.testRunBrowser);","            });","        });","        // run tests","        local.testRunBrowser();","        break;","","","","    // run node js-env code - post-init","    /* istanbul ignore next */","    case 'node':","        // export local","        module.exports = local;","        // require modules","        local.fs = require('fs');","        local.http = require('http');","        local.url = require('url');","        // init assets","        local.assetsDict = local.assetsDict || {};","        /* jslint-ignore-begin */","        local.assetsDict['/assets.index.template.html'] = '\\","<!doctype html>\\n\\","<html lang=\"en\">\\n\\","<head>\\n\\","<meta charset=\"UTF-8\">\\n\\","<meta name=\"viewport\" content=\"width=device-width, initial-scale=1\">\\n\\","<title>{{env.npm_package_name}} (v{{env.npm_package_version}})</title>\\n\\","<style>\\n\\","/*csslint\\n\\","    box-sizing: false,\\n\\","    universal-selector: false\\n\\","*/\\n\\","* {\\n\\","    box-sizing: border-box;\\n\\","}\\n\\","body {\\n\\","    background: #dde;\\n\\","    font-family: Arial, Helvetica, sans-serif;\\n\\","    margin: 2rem;\\n\\","}\\n\\","body > * {\\n\\","    margin-bottom: 1rem;\\n\\","}\\n\\",".utility2FooterDiv {\\n\\","    margin-top: 20px;\\n\\","    text-align: center;\\n\\","}\\n\\","</style>\\n\\","<style>\\n\\","/*csslint\\n\\","*/\\n\\","textarea {\\n\\","    font-family: monospace;\\n\\","    height: 10rem;\\n\\","    width: 100%;\\n\\","}\\n\\","textarea[readonly] {\\n\\","    background: #ddd;\\n\\","}\\n\\","</style>\\n\\","</head>\\n\\","<body>\\n\\","<!-- utility2-comment\\n\\","<div id=\"ajaxProgressDiv1\" style=\"background: #d00; height: 2px; left: 0; margin: 0; padding: 0; position: fixed; top: 0; transition: background 0.5s, width 1.5s; width: 25%;\"></div>\\n\\","utility2-comment -->\\n\\","<h1>\\n\\","<!-- utility2-comment\\n\\","    <a\\n\\","        {{#if env.npm_package_homepage}}\\n\\","        href=\"{{env.npm_package_homepage}}\"\\n\\","        {{/if env.npm_package_homepage}}\\n\\","        target=\"_blank\"\\n\\","    >\\n\\","utility2-comment -->\\n\\","        {{env.npm_package_name}} (v{{env.npm_package_version}})\\n\\","<!-- utility2-comment\\n\\","    </a>\\n\\","utility2-comment -->\\n\\","</h1>\\n\\","<h3>{{env.npm_package_description}}</h3>\\n\\","<!-- utility2-comment\\n\\","<h4><a download href=\"assets.app.js\">download standalone app</a></h4>\\n\\","<button class=\"onclick onreset\" id=\"testRunButton1\">run internal test</button><br>\\n\\","<div id=\"testReportDiv1\" style=\"display: none;\"></div>\\n\\","utility2-comment -->\\n\\","\\n\\","\\n\\","\\n\\","<label>stderr and stdout</label>\\n\\","<textarea class=\"resettable\" id=\"outputTextareaStdout1\" readonly></textarea>\\n\\","<!-- utility2-comment\\n\\","{{#if isRollup}}\\n\\","<script src=\"assets.app.js\"></script>\\n\\","{{#unless isRollup}}\\n\\","utility2-comment -->\\n\\","<script src=\"assets.utility2.rollup.js\"></script>\\n\\","<script src=\"jsonp.utility2._stateInit?callback=window.utility2._stateInit\"></script>\\n\\","<script src=\"assets.npmtest_fauxton.rollup.js\"></script>\\n\\","<script src=\"assets.example.js\"></script>\\n\\","<script src=\"assets.test.js\"></script>\\n\\","<!-- utility2-comment\\n\\","{{/if isRollup}}\\n\\","utility2-comment -->\\n\\","<div class=\"utility2FooterDiv\">\\n\\","    [ this app was created with\\n\\","    <a href=\"https://github.com/kaizhu256/node-utility2\" target=\"_blank\">utility2</a>\\n\\","    ]\\n\\","</div>\\n\\","</body>\\n\\","</html>\\n\\","';","        /* jslint-ignore-end */","        if (local.templateRender) {","            local.assetsDict['/'] = local.templateRender(","                local.assetsDict['/assets.index.template.html'],","                {","                    env: local.objectSetDefault(local.env, {","                        npm_package_description: 'the greatest app in the world!',","                        npm_package_name: 'my-app',","                        npm_package_nameAlias: 'my_app',","                        npm_package_version: '0.0.1'","                    })","                }","            );","        } else {","            local.assetsDict['/'] = local.assetsDict['/assets.index.template.html']","                .replace((/\\{\\{env\\.(\\w+?)\\}\\}/g), function (match0, match1) {","                    // jslint-hack","                    String(match0);","                    switch (match1) {","                    case 'npm_package_description':","                        return 'the greatest app in the world!';","                    case 'npm_package_name':","                        return 'my-app';","                    case 'npm_package_nameAlias':","                        return 'my_app';","                    case 'npm_package_version':","                        return '0.0.1';","                    }","                });","        }","        // run the cli","        if (local.global.utility2_rollup || module !== require.main) {","            break;","        }","        local.assetsDict['/assets.example.js'] =","            local.assetsDict['/assets.example.js'] ||","            local.fs.readFileSync(__filename, 'utf8');","        // bug-workaround - long $npm_package_buildCustomOrg","        /* jslint-ignore-begin */","        local.assetsDict['/assets.npmtest_fauxton.rollup.js'] =","            local.assetsDict['/assets.npmtest_fauxton.rollup.js'] ||","            local.fs.readFileSync(","                local.npmtest_fauxton.__dirname + '/lib.npmtest_fauxton.js',","                'utf8'","            ).replace((/^#!/), '//');","        /* jslint-ignore-end */","        local.assetsDict['/favicon.ico'] = local.assetsDict['/favicon.ico'] || '';","        // if $npm_config_timeout_exit exists,","        // then exit this process after $npm_config_timeout_exit ms","        if (Number(process.env.npm_config_timeout_exit)) {","            setTimeout(process.exit, Number(process.env.npm_config_timeout_exit));","        }","        // start server","        if (local.global.utility2_serverHttp1) {","            break;","        }","        process.env.PORT = process.env.PORT || '8081';","        console.error('server starting on port ' + process.env.PORT);","        local.http.createServer(function (request, response) {","            request.urlParsed = local.url.parse(request.url);","            if (local.assetsDict[request.urlParsed.pathname] !== undefined) {","                response.end(local.assetsDict[request.urlParsed.pathname]);","                return;","            }","            response.statusCode = 404;","            response.end();","        }).listen(process.env.PORT);","        break;","    }","}());",""],"l":{"26":2,"28":2,"33":2,"35":2,"37":2,"38":2,"39":2,"44":1,"51":2,"55":2,"59":2,"61":2,"69":1,"70":2,"76":2,"79":2,"82":2,"83":2,"85":1,"89":2,"92":1,"93":1,"94":1,"96":1,"97":1,"100":1,"101":1,"103":1,"106":1,"108":2,"114":1,"116":1,"118":1,"123":1,"124":2,"125":2,"126":3,"127":3,"128":3,"129":3,"130":1,"133":3,"134":3,"139":3,"143":1,"144":3,"145":1,"149":1,"150":1,"158":1,"160":1,"161":1,"162":1,"164":1,"166":1,"258":1,"259":1,"271":1,"274":6,"275":6,"277":1,"279":2,"281":1,"283":2,"288":1,"289":1,"291":1,"296":1,"303":1,"306":1,"307":1,"310":1,"311":1,"313":1,"314":1,"315":1,"316":1,"317":1,"318":1,"319":1,"321":1,"322":1,"324":1}},"/home/travis/build/npmtest/node-npmtest-fauxton/node_modules/fauxton/index.js":{"path":"/home/travis/build/npmtest/node-npmtest-fauxton/node_modules/fauxton/index.js","s":{"1":1,"2":1,"3":1,"4":1,"5":1,"6":1,"7":1,"8":1,"9":0,"10":0,"11":0,"12":1,"13":0,"14":0,"15":0,"16":0,"17":0,"18":0,"19":0,"20":0,"21":1,"22":0,"23":0,"24":0,"25":0,"26":0,"27":0,"28":0,"29":0,"30":0,"31":0,"32":0,"33":0,"34":0,"35":0,"36":0,"37":0,"38":0,"39":0,"40":0,"41":0,"42":0,"43":0,"44":0,"45":0,"46":0,"47":0},"b":{"1":[1,1],"2":[0,0],"3":[0,0],"4":[0,0],"5":[0,0],"6":[0,0],"7":[0,0],"8":[0,0],"9":[0,0]},"f":{"1":0,"2":0,"3":0,"4":0,"5":0,"6":0,"7":0},"fnMap":{"1":{"name":"(anonymous_1)","line":9,"loc":{"start":{"line":9,"column":17},"end":{"line":9,"column":36}}},"2":{"name":"sendFile","line":15,"loc":{"start":{"line":15,"column":2},"end":{"line":15,"column":41}}},"3":{"name":"(anonymous_3)","line":17,"loc":{"start":{"line":17,"column":17},"end":{"line":17,"column":32}}},"4":{"name":"isFile","line":33,"loc":{"start":{"line":33,"column":2},"end":{"line":33,"column":24}}},"5":{"name":"(anonymous_5)","line":44,"loc":{"start":{"line":44,"column":20},"end":{"line":44,"column":40}}},"6":{"name":"(anonymous_6)","line":78,"loc":{"start":{"line":78,"column":23},"end":{"line":78,"column":43}}},"7":{"name":"(anonymous_7)","line":95,"loc":{"start":{"line":95,"column":15},"end":{"line":95,"column":31}}}},"statementMap":{"1":{"start":{"line":1,"column":0},"end":{"line":1,"column":27}},"2":{"start":{"line":2,"column":0},"end":{"line":2,"column":27}},"3":{"start":{"line":3,"column":0},"end":{"line":3,"column":38}},"4":{"start":{"line":4,"column":0},"end":{"line":4,"column":27}},"5":{"start":{"line":5,"column":0},"end":{"line":5,"column":28}},"6":{"start":{"line":6,"column":0},"end":{"line":6,"column":26}},"7":{"start":{"line":7,"column":0},"end":{"line":7,"column":64}},"8":{"start":{"line":9,"column":0},"end":{"line":100,"column":2}},"9":{"start":{"line":11,"column":2},"end":{"line":11,"column":63}},"10":{"start":{"line":12,"column":2},"end":{"line":12,"column":26}},"11":{"start":{"line":13,"column":2},"end":{"line":13,"column":33}},"12":{"start":{"line":15,"column":2},"end":{"line":29,"column":3}},"13":{"start":{"line":16,"column":4},"end":{"line":28,"column":15}},"14":{"start":{"line":18,"column":6},"end":{"line":22,"column":7}},"15":{"start":{"line":19,"column":8},"end":{"line":19,"column":50}},"16":{"start":{"line":21,"column":8},"end":{"line":21,"column":44}},"17":{"start":{"line":24,"column":6},"end":{"line":24,"column":55}},"18":{"start":{"line":25,"column":6},"end":{"line":25,"column":27}},"19":{"start":{"line":26,"column":6},"end":{"line":26,"column":52}},"20":{"start":{"line":31,"column":2},"end":{"line":31,"column":91}},"21":{"start":{"line":33,"column":2},"end":{"line":35,"column":3}},"22":{"start":{"line":34,"column":4},"end":{"line":34,"column":52}},"23":{"start":{"line":38,"column":2},"end":{"line":42,"column":5}},"24":{"start":{"line":44,"column":2},"end":{"line":70,"column":29}},"25":{"start":{"line":45,"column":4},"end":{"line":45,"column":49}},"26":{"start":{"line":46,"column":4},"end":{"line":46,"column":71}},"27":{"start":{"line":47,"column":4},"end":{"line":47,"column":20}},"28":{"start":{"line":48,"column":4},"end":{"line":50,"column":5}},"29":{"start":{"line":49,"column":6},"end":{"line":49,"column":49}},"30":{"start":{"line":51,"column":4},"end":{"line":55,"column":5}},"31":{"start":{"line":52,"column":6},"end":{"line":53,"column":93}},"32":{"start":{"line":54,"column":6},"end":{"line":54,"column":60}},"33":{"start":{"line":57,"column":4},"end":{"line":62,"column":5}},"34":{"start":{"line":59,"column":6},"end":{"line":59,"column":67}},"35":{"start":{"line":60,"column":11},"end":{"line":62,"column":5}},"36":{"start":{"line":61,"column":6},"end":{"line":61,"column":58}},"37":{"start":{"line":66,"column":4},"end":{"line":66,"column":39}},"38":{"start":{"line":67,"column":4},"end":{"line":67,"column":35}},"39":{"start":{"line":69,"column":4},"end":{"line":69,"column":24}},"40":{"start":{"line":72,"column":2},"end":{"line":74,"column":5}},"41":{"start":{"line":78,"column":2},"end":{"line":82,"column":5}},"42":{"start":{"line":79,"column":4},"end":{"line":81,"column":5}},"43":{"start":{"line":80,"column":6},"end":{"line":80,"column":98}},"44":{"start":{"line":84,"column":2},"end":{"line":93,"column":4}},"45":{"start":{"line":95,"column":2},"end":{"line":97,"column":5}},"46":{"start":{"line":96,"column":4},"end":{"line":96,"column":33}},"47":{"start":{"line":99,"column":2},"end":{"line":99,"column":38}}},"branchMap":{"1":{"line":7,"type":"binary-expr","locations":[{"start":{"line":7,"column":15},"end":{"line":7,"column":31}},{"start":{"line":7,"column":35},"end":{"line":7,"column":63}}]},"2":{"line":18,"type":"if","locations":[{"start":{"line":18,"column":6},"end":{"line":18,"column":6}},{"start":{"line":18,"column":6},"end":{"line":18,"column":6}}]},"3":{"line":48,"type":"if","locations":[{"start":{"line":48,"column":4},"end":{"line":48,"column":4}},{"start":{"line":48,"column":4},"end":{"line":48,"column":4}}]},"4":{"line":51,"type":"if","locations":[{"start":{"line":51,"column":4},"end":{"line":51,"column":4}},{"start":{"line":51,"column":4},"end":{"line":51,"column":4}}]},"5":{"line":57,"type":"if","locations":[{"start":{"line":57,"column":4},"end":{"line":57,"column":4}},{"start":{"line":57,"column":4},"end":{"line":57,"column":4}}]},"6":{"line":57,"type":"binary-expr","locations":[{"start":{"line":57,"column":8},"end":{"line":57,"column":19}},{"start":{"line":57,"column":23},"end":{"line":57,"column":55}}]},"7":{"line":60,"type":"if","locations":[{"start":{"line":60,"column":11},"end":{"line":60,"column":11}},{"start":{"line":60,"column":11},"end":{"line":60,"column":11}}]},"8":{"line":60,"type":"binary-expr","locations":[{"start":{"line":60,"column":15},"end":{"line":60,"column":26}},{"start":{"line":60,"column":30},"end":{"line":60,"column":40}}]},"9":{"line":79,"type":"if","locations":[{"start":{"line":79,"column":4},"end":{"line":79,"column":4}},{"start":{"line":79,"column":4},"end":{"line":79,"column":4}}]}},"code":["var path = require(\"path\");","var http = require(\"http\");","var httpProxy = require('http-proxy');","var send = require('send');","var urlLib = require('url');","var _ = require('lodash');","var dist_dir = process.env.DIST || __dirname + '/dist/release/';","","module.exports = function (options) {","  // Options","  var setContentSecurityPolicy = options.contentSecurityPolicy;","  var port = options.port;","  var proxyUrl = options.couchdb;","","  function sendFile (req, res, filePath) {","    return send(req, filePath)","    .on('error', function (err) {","      if (err.status === 404) {","        console.log('Could not locate', filePath);","      } else {","        console.log('ERROR', filePath, err);","      }","","      res.setHeader(\"Content-Type\", \"text/javascript\");","      res.statusCode = 404;","      res.end(JSON.stringify({error: err.message}));","    })","    .pipe(res);","  }","","  var fileTypes = ['.js', '.css', '.png', '.swf', '.eot', '.woff', '.svg', '.ttf', '.swf'];","","  function isFile (url) {","    return _.includes(fileTypes, path.extname(url));","  }","","  // create proxy to couch for all couch requests","  var proxy = httpProxy.createServer({","    secure: false,","    changeOrigin: true,","    target: proxyUrl","  });","","  http.createServer(function (req, res) {","    var isDocLink = /_utils\\/docs/.test(req.url);","    var url = req.url.split(/\\?v=|\\?noCache/)[0].replace('_utils', '');","    var accept = [];","    if (req.headers.accept) {","      var accept = req.headers.accept.split(',');","    }","    if (setContentSecurityPolicy) {","      var headerValue = \"default-src 'self'; child-src 'self' data: blob:; img-src 'self' data:; font-src 'self'; \" +","                        \"script-src 'self' 'unsafe-eval'; style-src 'self' 'unsafe-inline';\";","      res.setHeader('Content-Security-Policy', headerValue);","    }","","    if (url === '/' && accept[0] !== 'application/json') {","      // serve main index file from here","      return sendFile(req, res, path.join(dist_dir, 'index.html'));","    } else if (isFile(url) && !isDocLink) {","      return sendFile(req, res, path.join(dist_dir, url));","    }","","    // This sets the Host header in the proxy so that one can use external","    // CouchDB instances and not have the Host set to 'localhost'","    var urlObj = urlLib.parse(req.url);","    req.headers.host = urlObj.host;","","    proxy.web(req, res);","  }).listen(port, '0.0.0.0');","","  proxy.on('error', () => {","    // don't explode on cancelled requests","  });","","  //Remove Secure on the cookie if the proxy is communicating to a CouchDB instance","  // via https.","  proxy.on('proxyRes', function (proxyRes) {","    if (proxyRes.headers['set-cookie']) {","      proxyRes.headers['set-cookie'][0] = proxyRes.headers[\"set-cookie\"][0].replace('Secure', '');","    }","  });","","  var logo = [","    [\"\"],","    [\" ______                        _                   \"],","    [\"|  ____|                      | |                  \"],","    [\"| |__    __ _   _   _  __  __ | |_    ___    _ __  \"],","    [\"|  __|  / _` | | | | | \\\\ \\\\/ / | __|  / _ \\\\  | '_ \\\\ \"],","    [\"| |    | (_| | | |_| |  >  <  | |_  | (_) | | | | |\"],","    [\"|_|     \\\\__,_|  \\\\__,_| /_/\\\\_\\\\  \\\\__|  \\\\___/  |_| |_|\"],","    [\"\"]","  ];","","  _.each(logo, function (line) {","    console.log(line.toString());","  });","","  console.log('Listening on ' + port);","};",""],"l":{"1":1,"2":1,"3":1,"4":1,"5":1,"6":1,"7":1,"9":1,"11":0,"12":0,"13":0,"15":1,"16":0,"18":0,"19":0,"21":0,"24":0,"25":0,"26":0,"31":0,"33":1,"34":0,"38":0,"44":0,"45":0,"46":0,"47":0,"48":0,"49":0,"51":0,"52":0,"54":0,"57":0,"59":0,"60":0,"61":0,"66":0,"67":0,"69":0,"72":0,"78":0,"79":0,"80":0,"84":0,"95":0,"96":0,"99":0}},"/home/travis/build/npmtest/node-npmtest-fauxton/node_modules/fauxton/couchapp.js":{"path":"/home/travis/build/npmtest/node-npmtest-fauxton/node_modules/fauxton/couchapp.js","s":{"1":2,"2":2,"3":2,"4":0},"b":{},"f":{"1":0},"fnMap":{"1":{"name":"(anonymous_1)","line":30,"loc":{"start":{"line":30,"column":23},"end":{"line":30,"column":35}}}},"statementMap":{"1":{"start":{"line":13,"column":0},"end":{"line":15,"column":9}},"2":{"start":{"line":17,"column":0},"end":{"line":35,"column":2}},"3":{"start":{"line":38,"column":0},"end":{"line":38,"column":72}},"4":{"start":{"line":39,"column":0},"end":{"line":39,"column":22}}},"branchMap":{},"code":["// Licensed under the Apache License, Version 2.0 (the \"License\"); you may not","// use this file except in compliance with the License. You may obtain a copy of","// the License at","//","//   http://www.apache.org/licenses/LICENSE-2.0","//","// Unless required by applicable law or agreed to in writing, software","// distributed under the License is distributed on an \"AS IS\" BASIS, WITHOUT","// WARRANTIES OR CONDITIONS OF ANY KIND, either express or implied. See the","// License for the specific language governing permissions and limitations under","// the License.","","var couchapp = require('couchapp'),","    path = require('path'),","    ddoc;","","ddoc = {","  _id: '_design/fauxton',","  rewrites: [","    { \"from\": \"_db\",     \"to\"  : \"../..\" },","    { \"from\": \"_db/*\",   \"to\"  : \"../../*\" },","    { \"from\": \"_ddoc\",   \"to\"  : \"\" },","    { \"from\": \"_ddoc/*\", \"to\"  : \"*\"},","    {from: '/', to: 'index.html'},","    {from: '/*', to: '*'}","  ],","  views: {},","  shows: {},","  lists: {},","  validate_doc_update: function () {","    /*if (newDoc._deleted === true && userCtx.roles.indexOf('_admin') === -1) {","      throw \"Only admin can delete documents on this database.\";","    }*/","  }","};","","","couchapp.loadAttachments(ddoc, path.join(__dirname, 'dist', 'release'));","module.exports = ddoc;",""],"l":{"13":2,"17":2,"38":2,"39":0}},"/home/travis/build/npmtest/node-npmtest-fauxton/node_modules/fauxton/devserver.js":{"path":"/home/travis/build/npmtest/node-npmtest-fauxton/node_modules/fauxton/devserver.js","s":{"1":2,"2":2,"3":2,"4":2,"5":2,"6":0,"7":0,"8":0,"9":0,"10":0,"11":0,"12":0,"13":0,"14":0,"15":0,"16":0,"17":0,"18":0,"19":0,"20":0,"21":0,"22":0,"23":0,"24":0,"25":0,"26":0,"27":0,"28":0,"29":1,"30":0,"31":0,"32":0,"33":0,"34":0,"35":0,"36":0,"37":0,"38":0,"39":0,"40":0,"41":0,"42":0,"43":0,"44":0,"45":0,"46":0,"47":0,"48":0,"49":0,"50":0,"51":0,"52":0,"53":0,"54":0,"55":0},"b":{"1":[0,0],"2":[0,0],"3":[0,0],"4":[0,0],"5":[0,0],"6":[0,0],"7":[0,0],"8":[0,0],"9":[0,0],"10":[0,0],"11":[0,0],"12":[0,0],"13":[0,0]},"f":{"1":0,"2":0,"3":0,"4":0,"5":0,"6":0,"7":0},"fnMap":{"1":{"name":"(anonymous_1)","line":10,"loc":{"start":{"line":10,"column":21},"end":{"line":10,"column":33}}},"2":{"name":"(anonymous_2)","line":28,"loc":{"start":{"line":28,"column":17},"end":{"line":28,"column":31}}},"3":{"name":"getCspHeaders","line":55,"loc":{"start":{"line":55,"column":0},"end":{"line":55,"column":26}}},"4":{"name":"(anonymous_4)","line":67,"loc":{"start":{"line":67,"column":25},"end":{"line":67,"column":37}}},"5":{"name":"(anonymous_5)","line":74,"loc":{"start":{"line":74,"column":23},"end":{"line":74,"column":43}}},"6":{"name":"(anonymous_6)","line":80,"loc":{"start":{"line":80,"column":20},"end":{"line":80,"column":32}}},"7":{"name":"(anonymous_7)","line":112,"loc":{"start":{"line":112,"column":41},"end":{"line":112,"column":56}}}},"statementMap":{"1":{"start":{"line":1,"column":0},"end":{"line":1,"column":45}},"2":{"start":{"line":2,"column":0},"end":{"line":2,"column":25}},"3":{"start":{"line":3,"column":0},"end":{"line":3,"column":35}},"4":{"start":{"line":4,"column":0},"end":{"line":4,"column":49}},"5":{"start":{"line":5,"column":0},"end":{"line":5,"column":50}},"6":{"start":{"line":6,"column":0},"end":{"line":6,"column":40}},"7":{"start":{"line":7,"column":0},"end":{"line":7,"column":29}},"8":{"start":{"line":10,"column":0},"end":{"line":24,"column":2}},"9":{"start":{"line":11,"column":2},"end":{"line":11,"column":48}},"10":{"start":{"line":12,"column":2},"end":{"line":14,"column":3}},"11":{"start":{"line":13,"column":4},"end":{"line":13,"column":33}},"12":{"start":{"line":16,"column":2},"end":{"line":23,"column":4}},"13":{"start":{"line":26,"column":0},"end":{"line":26,"column":32}},"14":{"start":{"line":28,"column":0},"end":{"line":51,"column":2}},"15":{"start":{"line":29,"column":2},"end":{"line":29,"column":39}},"16":{"start":{"line":30,"column":2},"end":{"line":30,"column":32}},"17":{"start":{"line":31,"column":2},"end":{"line":33,"column":3}},"18":{"start":{"line":32,"column":4},"end":{"line":32,"column":21}},"19":{"start":{"line":35,"column":2},"end":{"line":35,"column":38}},"20":{"start":{"line":37,"column":2},"end":{"line":39,"column":5}},"21":{"start":{"line":38,"column":4},"end":{"line":38,"column":33}},"22":{"start":{"line":41,"column":2},"end":{"line":43,"column":5}},"23":{"start":{"line":42,"column":4},"end":{"line":42,"column":49}},"24":{"start":{"line":45,"column":2},"end":{"line":50,"column":5}},"25":{"start":{"line":46,"column":4},"end":{"line":46,"column":54}},"26":{"start":{"line":47,"column":4},"end":{"line":49,"column":5}},"27":{"start":{"line":48,"column":6},"end":{"line":48,"column":11}},"28":{"start":{"line":53,"column":0},"end":{"line":54,"column":87}},"29":{"start":{"line":55,"column":0},"end":{"line":65,"column":1}},"30":{"start":{"line":56,"column":2},"end":{"line":58,"column":3}},"31":{"start":{"line":57,"column":4},"end":{"line":57,"column":11}},"32":{"start":{"line":60,"column":2},"end":{"line":60,"column":79}},"33":{"start":{"line":62,"column":2},"end":{"line":64,"column":4}},"34":{"start":{"line":67,"column":0},"end":{"line":120,"column":2}},"35":{"start":{"line":68,"column":2},"end":{"line":72,"column":5}},"36":{"start":{"line":74,"column":2},"end":{"line":78,"column":5}},"37":{"start":{"line":75,"column":4},"end":{"line":77,"column":5}},"38":{"start":{"line":76,"column":6},"end":{"line":76,"column":98}},"39":{"start":{"line":80,"column":2},"end":{"line":82,"column":5}},"40":{"start":{"line":84,"column":2},"end":{"line":107,"column":4}},"41":{"start":{"line":96,"column":6},"end":{"line":105,"column":9}},"42":{"start":{"line":97,"column":8},"end":{"line":97,"column":79}},"43":{"start":{"line":99,"column":8},"end":{"line":102,"column":9}},"44":{"start":{"line":100,"column":10},"end":{"line":100,"column":30}},"45":{"start":{"line":101,"column":10},"end":{"line":101,"column":17}},"46":{"start":{"line":104,"column":8},"end":{"line":104,"column":15}},"47":{"start":{"line":109,"column":2},"end":{"line":109,"column":35}},"48":{"start":{"line":110,"column":2},"end":{"line":110,"column":51}},"49":{"start":{"line":112,"column":2},"end":{"line":119,"column":5}},"50":{"start":{"line":113,"column":4},"end":{"line":116,"column":5}},"51":{"start":{"line":114,"column":6},"end":{"line":114,"column":23}},"52":{"start":{"line":115,"column":6},"end":{"line":115,"column":13}},"53":{"start":{"line":117,"column":4},"end":{"line":117,"column":60}},"54":{"start":{"line":118,"column":4},"end":{"line":118,"column":78}},"55":{"start":{"line":123,"column":0},"end":{"line":123,"column":27}}},"branchMap":{"1":{"line":12,"type":"if","locations":[{"start":{"line":12,"column":2},"end":{"line":12,"column":2}},{"start":{"line":12,"column":2},"end":{"line":12,"column":2}}]},"2":{"line":16,"type":"binary-expr","locations":[{"start":{"line":16,"column":9},"end":{"line":16,"column":38}},{"start":{"line":16,"column":42},"end":{"line":23,"column":3}}]},"3":{"line":17,"type":"binary-expr","locations":[{"start":{"line":17,"column":10},"end":{"line":17,"column":34}},{"start":{"line":17,"column":38},"end":{"line":17,"column":42}}]},"4":{"line":20,"type":"binary-expr","locations":[{"start":{"line":20,"column":14},"end":{"line":20,"column":36}},{"start":{"line":20,"column":40},"end":{"line":20,"column":63}}]},"5":{"line":31,"type":"if","locations":[{"start":{"line":31,"column":2},"end":{"line":31,"column":2}},{"start":{"line":31,"column":2},"end":{"line":31,"column":2}}]},"6":{"line":47,"type":"if","locations":[{"start":{"line":47,"column":4},"end":{"line":47,"column":4}},{"start":{"line":47,"column":4},"end":{"line":47,"column":4}}]},"7":{"line":56,"type":"if","locations":[{"start":{"line":56,"column":2},"end":{"line":56,"column":2}},{"start":{"line":56,"column":2},"end":{"line":56,"column":2}}]},"8":{"line":60,"type":"binary-expr","locations":[{"start":{"line":60,"column":20},"end":{"line":60,"column":56}},{"start":{"line":60,"column":60},"end":{"line":60,"column":78}}]},"9":{"line":75,"type":"if","locations":[{"start":{"line":75,"column":4},"end":{"line":75,"column":4}},{"start":{"line":75,"column":4},"end":{"line":75,"column":4}}]},"10":{"line":87,"type":"binary-expr","locations":[{"start":{"line":87,"column":10},"end":{"line":87,"column":34}},{"start":{"line":87,"column":38},"end":{"line":87,"column":42}}]},"11":{"line":97,"type":"cond-expr","locations":[{"start":{"line":97,"column":44},"end":{"line":97,"column":73}},{"start":{"line":97,"column":76},"end":{"line":97,"column":78}}]},"12":{"line":99,"type":"if","locations":[{"start":{"line":99,"column":8},"end":{"line":99,"column":8}},{"start":{"line":99,"column":8},"end":{"line":99,"column":8}}]},"13":{"line":113,"type":"if","locations":[{"start":{"line":113,"column":4},"end":{"line":113,"column":4}},{"start":{"line":113,"column":4},"end":{"line":113,"column":4}}]}},"code":["const spawn = require('child_process').spawn;","const fs = require(\"fs\");","const webpack = require('webpack');","const WebpackDev = require('webpack-dev-server');","const config = require('./webpack.config.dev.js');","const httpProxy = require('http-proxy');","const path = require('path');","","","const loadSettings = function () {","  let fileName = './settings.json.default.json';","  if (fs.existsSync('./settings.json')) {","    fileName = './settings.json';","  }","","  return require(fileName).couchserver || {","    port: process.env.FAUXTON_PORT || 8000,","    contentSecurityPolicy: true,","    proxy: {","      target: process.env.COUCH_HOST || 'http://127.0.0.1:5984',","      changeOrigin: false","    }","  };","};","","const settings = loadSettings();","","const devSetup = function (cb) {","  console.log('setup dev environment');","  let cmd = 'devSetupWithClean';","  if (settings.noClean) {","    cmd = 'devSetup';","  }","","  const grunt = spawn('grunt', [cmd]);","","  grunt.stdout.on('data', (data) => {","    console.log(data.toString());","  });","","  grunt.stderr.on('error', (data) => {","    console.log('Setup error:', data.toString());","  });","","  grunt.on('close', (code) => {","    console.log('dev setup finished with code', code);","    if (code === 0) {","      cb();","    }","  });","};","","const defaultHeaderValue = \"default-src 'self'; child-src 'self' blob:; img-src 'self' data:; font-src 'self'; \" +","                  \"script-src 'self' 'unsafe-eval'; style-src 'self' 'unsafe-inline';\";","function getCspHeaders () {","  if (!settings.contentSecurityPolicy) {","    return;","  }","","  const cspHeader = settings.contentSecurityPolicyHeader || defaultHeaderValue;","","  return {","    'Content-Security-Policy': cspHeader","  };","};","","const runWebpackServer = function () {","  const proxy = httpProxy.createServer({","    secure: false,","    changeOrigin: true,","    target: settings.proxy.target","  });","","  proxy.on('proxyRes', function (proxyRes) {","    if (proxyRes.headers['set-cookie']) {","      proxyRes.headers['set-cookie'][0] = proxyRes.headers[\"set-cookie\"][0].replace('Secure', '');","    }","  });","","  proxy.on('error', function () {","    // don't explode on cancelled requests","  });","","  const options = {","    contentBase: path.join(__dirname, '/dist/debug/'),","    host: 'localhost',","    port: process.env.FAUXTON_PORT || 8000,","    overlay: true,","    hot: false,","    historyApiFallback: false,","    stats: {","      colors: true,","    },","    headers: getCspHeaders(),","    setup: (app) => {","      app.all('*', (req, res, next) => {","        const accept = req.headers.accept ? req.headers.accept.split(',') : '';","","        if (/application\\/json/.test(accept[0])) {","          proxy.web(req, res);","          return;","        }","","        next();","      });","    }","  };","","  const compiler = webpack(config);","  const server = new WebpackDev(compiler, options);","","  server.listen(options.port, '0.0.0.0', function (err) {","    if (err) {","      console.log(err);","      return;","    }","    console.log('listening on', options.host, options.port);","    console.log('Starting first compile. This will take about 10 seconds...');","  });","};","","","devSetup(runWebpackServer);",""],"l":{"1":2,"2":2,"3":2,"4":2,"5":2,"6":0,"7":0,"10":0,"11":0,"12":0,"13":0,"16":0,"26":0,"28":0,"29":0,"30":0,"31":0,"32":0,"35":0,"37":0,"38":0,"41":0,"42":0,"45":0,"46":0,"47":0,"48":0,"53":0,"55":1,"56":0,"57":0,"60":0,"62":0,"67":0,"68":0,"74":0,"75":0,"76":0,"80":0,"84":0,"96":0,"97":0,"99":0,"100":0,"101":0,"104":0,"109":0,"110":0,"112":0,"113":0,"114":0,"115":0,"117":0,"118":0,"123":0}},"/home/travis/build/npmtest/node-npmtest-fauxton/node_modules/fauxton/webpack.config.dev.js":{"path":"/home/travis/build/npmtest/node-npmtest-fauxton/node_modules/fauxton/webpack.config.dev.js","s":{"1":4,"2":4,"3":4,"4":4,"5":0},"b":{},"f":{},"fnMap":{},"statementMap":{"1":{"start":{"line":12,"column":0},"end":{"line":12,"column":35}},"2":{"start":{"line":13,"column":0},"end":{"line":13,"column":57}},"3":{"start":{"line":14,"column":0},"end":{"line":14,"column":29}},"4":{"start":{"line":15,"column":0},"end":{"line":19,"column":33}},"5":{"start":{"line":21,"column":0},"end":{"line":111,"column":2}}},"branchMap":{},"code":["// Licensed under the Apache License, Version 2.0 (the \"License\"); you may not","// use this file except in compliance with the License. You may obtain a copy of","// the License at","//","//   http://www.apache.org/licenses/LICENSE-2.0","//","// Unless required by applicable law or agreed to in writing, software","// distributed under the License is distributed on an \"AS IS\" BASIS, WITHOUT","// WARRANTIES OR CONDITIONS OF ANY KIND, either express or implied. See the","// License for the specific language governing permissions and limitations under","// the License.","const webpack = require('webpack');","const HtmlWebpackPlugin = require('html-webpack-plugin');","const path = require('path');","const settings = require('./tasks/helper')","                    .init()","                    .readSettingsFile()","                    .template","                    .development;","","module.exports = {","  entry: {","    bundle: './app/main.js' //Our starting point for our development.","  },","","  output: {","    path: path.join(__dirname, '/dist/debug/'),","    filename: 'dashboard.assets/js/[name].js'","  },","","  plugins: [","    new webpack.optimize.LimitChunkCountPlugin({maxChunks: 1}),","    new HtmlWebpackPlugin(Object.assign({","      template: settings.src,","      title: 'Project Fauxton',","      filename: 'index.html',","      generationLabel: 'Fauxton Dev',","      generationDate: new Date().toISOString()","    }, settings.variables)),","  ],","  module: {","    rules: [","    {","      test: /\\.jsx?$/,","      enforce: \"pre\",","      use: ['eslint-loader'],","      exclude: /node_modules/","    },","    {","      test: /\\.jsx?$/,","      exclude: /node_modules/,","      use: 'babel-loader'","    },","    {","     test: require.resolve('jquery'),","      use: [{","          loader: 'expose-loader',","          options: 'jQuery'","      },","      {","          loader: 'expose-loader',","          options: '$'","      }]","     },","     {","      test: require.resolve(\"backbone\"),","      use: [{","          loader: 'expose-loader',","          options: 'Backbone'","      }]","    },","    {","      test: /\\.less$/,","      use: [","        \"style-loader\",","        \"css-loader\",","        \"less-loader\"","      ]","    },","    {","      test: /\\.css$/,","      use: [","        \"style-loader\",","        \"css-loader\"","      ]","    },","    {","      test: /\\.woff(\\?v=\\d+\\.\\d+\\.\\d+)?$/,","      loader: 'url-loader?limit=10000&mimetype=application/font-woff&name=dashboard.assets/fonts/[name].[ext]'","    },","    {","      test: /\\.woff2(\\?\\S*)?$/,   loader: 'url-loader?limit=10000&mimetype=application/font-woff2&name=dashboard.assets/fonts/[name].[ext]'","    },","    {","      test: /\\.ttf(\\?v=\\d+\\.\\d+\\.\\d+)?$/,    loader: 'url-loader?limit=10000&mimetype=application/font-tff&name=dashboard.assets/fonts/[name].[ext]'","    },","    { test: /\\.eot(\\?v=\\d+\\.\\d+\\.\\d+)?$/,    loader: 'file-loader?name=dashboard.assets/fonts/[name].[ext]' },","    { test: /\\.png(\\?v=\\d+\\.\\d+\\.\\d+)?$/,    loader: 'file-loader?name=dashboard.assets/img/[name].[ext]' },","    { test: /\\.gif(\\?v=\\d+\\.\\d+\\.\\d+)?$/,    loader: 'file-loader?name=dashboard.assets/img/[name].[ext]' },","    { test: /\\.svg(\\?v=\\d+\\.\\d+\\.\\d+)?$/,    loader: 'url-loader?limit=10000&mimetype=image/svg+xml&name=dashboard.assets/img/[name].[ext]' }","  ]","  },","  resolve: {","    extensions: ['*', '.js', '.jsx'], //We can use .js and React's .jsx files using Babel","    alias: {","      \"bootstrap\": \"../assets/js/libs/bootstrap\",","      \"underscore\": \"lodash\",","    }","  },","  devtool: 'source-map'","};",""],"l":{"12":4,"13":4,"14":4,"15":4,"21":0}},"/home/travis/build/npmtest/node-npmtest-fauxton/node_modules/fauxton/Gruntfile.js":{"path":"/home/travis/build/npmtest/node-npmtest-fauxton/node_modules/fauxton/Gruntfile.js","s":{"1":1,"2":0,"3":0,"4":0,"5":0,"6":0,"7":0,"8":0,"9":0,"10":0,"11":0,"12":0,"13":0,"14":0,"15":0,"16":0,"17":0,"18":0,"19":0,"20":0,"21":0,"22":0,"23":0,"24":0,"25":0,"26":0,"27":0,"28":0,"29":0,"30":0,"31":0,"32":0,"33":0,"34":0,"35":0,"36":0,"37":0,"38":0,"39":0,"40":0,"41":0,"42":0,"43":0,"44":0,"45":0,"46":0,"47":0,"48":0,"49":0,"50":0,"51":0,"52":0,"53":0},"b":{"1":[0,0],"2":[0,0],"3":[0,0]},"f":{"1":0,"2":0,"3":0,"4":0,"5":0,"6":0,"7":0,"8":0},"fnMap":{"1":{"name":"(anonymous_1)","line":21,"loc":{"start":{"line":21,"column":17},"end":{"line":21,"column":34}}},"2":{"name":"(anonymous_2)","line":26,"loc":{"start":{"line":26,"column":21},"end":{"line":26,"column":33}}},"3":{"name":"(anonymous_3)","line":41,"loc":{"start":{"line":41,"column":25},"end":{"line":41,"column":37}}},"4":{"name":"(anonymous_4)","line":43,"loc":{"start":{"line":43,"column":29},"end":{"line":43,"column":46}}},"5":{"name":"(anonymous_5)","line":53,"loc":{"start":{"line":53,"column":18},"end":{"line":53,"column":30}}},"6":{"name":"getTemplateSettings","line":60,"loc":{"start":{"line":60,"column":26},"end":{"line":60,"column":58}}},"7":{"name":"(anonymous_7)","line":65,"loc":{"start":{"line":65,"column":43},"end":{"line":65,"column":58}}},"8":{"name":"(anonymous_8)","line":234,"loc":{"start":{"line":234,"column":28},"end":{"line":234,"column":40}}}},"statementMap":{"1":{"start":{"line":21,"column":0},"end":{"line":277,"column":2}},"2":{"start":{"line":22,"column":2},"end":{"line":24,"column":23}},"3":{"start":{"line":26,"column":2},"end":{"line":39,"column":6}},"4":{"start":{"line":27,"column":4},"end":{"line":35,"column":6}},"5":{"start":{"line":37,"column":4},"end":{"line":37,"column":75}},"6":{"start":{"line":38,"column":4},"end":{"line":38,"column":57}},"7":{"start":{"line":41,"column":2},"end":{"line":51,"column":6}},"8":{"start":{"line":42,"column":4},"end":{"line":42,"column":28}},"9":{"start":{"line":43,"column":4},"end":{"line":48,"column":7}},"10":{"start":{"line":45,"column":6},"end":{"line":47,"column":7}},"11":{"start":{"line":46,"column":8},"end":{"line":46,"column":56}},"12":{"start":{"line":50,"column":4},"end":{"line":50,"column":26}},"13":{"start":{"line":53
[...]
lumn":36}},"41":{"start":{"line":245,"column":2},"end":{"line":246,"column":19}},"42":{"start":{"line":247,"column":2},"end":{"line":247,"column":65}},"43":{"start":{"line":249,"column":2},"end":{"line":249,"column":86}},"44":{"start":{"line":252,"column":2},"end":{"line":252,"column":74}},"45":{"start":{"line":253,"column":2},"end":{"line":253,"column":71}},"46":{"start":{"line":255,"column":2},"end":{"line":255,"column":112}},"47":{"start":{"line":256,"column":2},"end":{"line":256,"column":122}},"48":{"start":{"line":262,"column":2},"end":{"line":262,"column":65}},"49":{"start":{"line":264,"column":2},"end":{"line":264,"column":61}},"50":{"start":{"line":266,"column":2},"end":{"line":266,"column":61}},"51":{"start":{"line":268,"column":2},"end":{"line":268,"column":105}},"52":{"start":{"line":270,"column":2},"end":{"line":270,"column":80}},"53":{"start":{"line":276,"column":2},"end":{"line":276,"column":80}}},"branchMap":{"1":{"line":38,"type":"binary-expr","locations":[{"start":{"line":38,"column":11},"end":{"line":38,"column":32}},{"start":{"line":38,"column":36},"end":{"line":38,"column":56}}]},"2":{"line":45,"type":"if","locations":[{"start":{"line":45,"column":6},"end":{"line":45,"column":6}},{"start":{"line":45,"column":6},"end":{"line":45,"column":6}}]},"3":{"line":67,"type":"if","locations":[{"start":{"line":67,"column":6},"end":{"line":67,"column":6}},{"start":{"line":67,"column":6},"end":{"line":67,"column":6}}]}},"code":["// Licensed under the Apache License, Version 2.0 (the \"License\"); you may not","// use this file except in compliance with the License. You may obtain a copy of","// the License at","//","//   http://www.apache.org/licenses/LICENSE-2.0","//","// Unless required by applicable law or agreed to in writing, software","// distributed under the License is distributed on an \"AS IS\" BASIS, WITHOUT","// WARRANTIES OR CONDITIONS OF ANY KIND, either express or implied. See the","// License for the specific language governing permissions and limitations under","// the License.","","","// This is the main application configuration file.  It is a Grunt","// configuration file, which you can learn more about here:","// https://github.com/cowboy/grunt/blob/master/docs/configuring.md","","/*jslint node: true */","\"use strict\";","","module.exports = function (grunt) {","  var helper = require('./tasks/helper.js'),","      initHelper = helper.init(grunt),","      _ = grunt.util._;","","  var couch_config = function () {","    var default_couch_config = {","      fauxton: {","        db: helper.couch + 'fauxton',","        app: './couchapp.js',","        options: {","          okay_if_missing: true","        }","      }","    };","","    var settings_couch_config = initHelper.readSettingsFile().couch_config;","    return settings_couch_config || default_couch_config;","  }();","","  var cleanableAddons =  function () {","    var theListToClean = [];","    initHelper.processAddons(function (addon) {","      // Only clean addons that are included from a local dir","      if (addon.path) {","        theListToClean.push(\"app/addons/\" + addon.name);","      }","    });","","    return theListToClean;","  }();","","  var cleanable = function () {","    // Whitelist files and directories to be cleaned","    // You'll always want to clean these two directories","    // Now find the external addons you have and add them for cleaning up","    return _.union([\"dist/\", \"app/load_addons.js\"], cleanableAddons);","  }();","","  var templateSettings = (function getTemplateSettings () {","    var settings = initHelper.readSettingsFile();","","    var i18n = JSON.stringify(initHelper.readI18nFile(), null, ' ');","","    Object.keys(settings.template).forEach(function (key) {","      settings.template[key].variables.generationDate = new Date().toISOString();","      if (!settings.template[key].variables.generationLabel) {","        settings.template[key].variables.generationLabel = 'Generated: ';","      }","      settings.template[key].app.i18n = i18n;","    });","","    return settings.template;","  })();","","  var config = {","","    // The clean task ensures all files are removed from the dist/ directory so","    // that no files linger from previous builds.","    clean: {","      options: {","        'force': true","      },","      release:  cleanable","    },","","    template: templateSettings,","","    // Copy build artifacts and library code into the distribution","    // see - http://gruntjs.com/configuring-tasks#building-the-files-object-dynamically","    copy: {","      couchdb: {","        files: [","          // this gets built in the template task","          {src: \"dist/release/index.html\", dest: \"../../share/www/index.html\"},","          {src: [\"**\"], dest: '../../share/www/dashboard.assets/', cwd: 'dist/release/dashboard.assets/',  expand: true},","        ]","      },","      couchdebug: {","        files: [","          // this gets built in the template task","          {src: \"dist/debug/index.html\", dest: \"../../share/www/index.html\"},","        ]","      },","      dist:{","        files:[","          {src: 'dist/debug/index.html', dest: 'dist/release/index.html'},","          {src: './favicon.ico', dest: \"dist/release/favicon.ico\"}","        ]","      },","","      distDepsRequire: {","        files:[","          {src: 'assets/**', dest: 'dist/tmp-out/', flatten: false, expand: false},","        ]","      },","","      debug: {","        files:[","          {src: './favicon.ico', dest: \"dist/debug/favicon.ico\"}","        ]","      },","","      testfiles: {","        files:[","          {src: ['test/**'], dest: 'dist/debug/', flatten: false, expand: true},","          {src: 'assets/**', dest: 'dist/debug/', flatten: false, expand: false},","        ]","      }","    },","","    get_deps: {","      \"default\": {","        src: \"settings.json\"","      }","    },","","    gen_load_addons: {","      \"default\": {","        src: \"settings.json\"","      }","    },","    gen_initialize: templateSettings,","    checkTestExists: templateSettings,","","    mkcouchdb: couch_config,","    rmcouchdb: couch_config,","    couchapp: couch_config,","","    mochaSetup: {","      default: {","        files: {","          src: initHelper.getFileList(['[Ss]pec.js'], [","            './app/core/**/*[Ss]pec.js',","            './app/addons/**/*[Ss]pec.js',","            './app/addons/**/*[Ss]pec.react.jsx',","            './app/addons/**/*[Ss]pec.jsx'","          ])","        },","        template: 'test/test.config.underscore'","      }","    },","","    shell: {","      webpack: {","        command: 'npm run webpack:dev'","      },","","      webpackrelease: {","        command: 'npm run webpack:release'","      },","","      webpacktest: {","        command: 'npm run webpack:test'","      },","","      phantomjs: {","        command: 'npm run phantomjs'","      }","    },","","    exec: {","      start_nightWatch: {","        command: __dirname + '/node_modules/nightwatch/bin/nightwatch' +","        ' -c ' + __dirname + '/test/nightwatch_tests/nightwatch.json'","      }","    },","","    // generates the nightwatch.json file with appropriate content for this env","    initNightwatch: {","      default: {","        settings: initHelper.readSettingsFile(),","        template: 'test/nightwatch_tests/nightwatch.json.underscore',","        dest: 'test/nightwatch_tests/nightwatch.json'","      }","    }","  };","","  grunt.initConfig(config);","","  /*","   * Load Grunt plugins","   */","  // Load fauxton specific tasks","  grunt.loadTasks('tasks');","","  grunt.loadNpmTasks('grunt-couchapp');","  grunt.loadNpmTasks('grunt-exec');","  grunt.loadNpmTasks('grunt-contrib-copy');","  grunt.loadNpmTasks('grunt-contrib-clean');","  grunt.loadNpmTasks('grunt-shell');","  /*","   * Default task","   */","  // defult task - install minified app to local CouchDB","  grunt.registerTask('default', 'couchdb');","","  /*","   * Transformation tasks","   */","  grunt.registerTask('test', ['checkTestExists', 'clean:release', 'dependencies', 'copy:debug', 'gen_initialize:development', 'test_inline']);","","  // lighter weight test task for use inside dev/watch","  grunt.registerTask('test_inline', ['mochaSetup', 'shell:webpacktest', 'shell:phantomjs']);","  // Fetch dependencies (from git or local dir)","  grunt.registerTask('dependencies', ['get_deps', 'gen_load_addons:default']);","","  // minify code and css, ready for release.","  grunt.registerTask('build', ['copy:distDepsRequire', 'shell:webpackrelease']);","  /*","   * Build the app in either dev, debug, or release mode","   */","  // dev server","  grunt.registerTask('dev', function () {","    console.log('This is deprecated. Please run npm run dev instead');","  });","","  // build a debug release","  grunt.registerTask('debug', ['clean', 'dependencies', \"gen_initialize:development\",","    'copy:debug']);","","  grunt.registerTask('debugDev', ['clean', 'dependencies', \"gen_initialize:development\",","    'copy:debug', 'shell:webpack']);","","  grunt.registerTask('devSetup', ['dependencies', \"gen_initialize:development\",","    'copy:debug']);","  grunt.registerTask('devSetupWithClean', ['clean', 'devSetup']);","","  grunt.registerTask('watchRun', ['clean:watch', 'dependencies', 'shell:stylecheck']);","","  // build a release","  grunt.registerTask('release_commons_prefix', ['clean', 'dependencies']);","  grunt.registerTask('release_commons_suffix', ['build', 'copy:dist']);","","  grunt.registerTask('release', ['release_commons_prefix', 'gen_initialize:release', 'release_commons_suffix']);","  grunt.registerTask('couchapp_release', ['release_commons_prefix', 'gen_initialize:couchapp', 'release_commons_suffix']);","","  /*","   * Install into CouchDB in either debug, release, or couchapp mode","   */","  // make a development install that is server by mochiweb under _utils","  grunt.registerTask('couchdebug', ['debug', 'copy:couchdebug']);","  // make a minimized install that is server by mochiweb under _utils","  grunt.registerTask('couchdb', ['release', 'copy:couchdb']);","  // make an install that can be deployed as a couchapp","  grunt.registerTask('couchapp_setup', ['couchapp_release']);","  // install fauxton as couchapp","  grunt.registerTask('couchapp_install', ['rmcouchdb:fauxton', 'mkcouchdb:fauxton', 'couchapp:fauxton']);","  // setup and install fauxton as couchapp","  grunt.registerTask('couchapp_deploy', ['couchapp_setup', 'couchapp_install']);","","  /*","   * Nightwatch functional testing","   */","  //Start Nightwatch test from terminal, using: $ grunt nightwatch","  grunt.registerTask('nightwatch', ['initNightwatch', 'exec:start_nightWatch']);","};",""],"l":{"21":1,"22":0,"26":0,"27":0,"37":0,"38":0,"41":0,"42":0,"43":0,"45":0,"46":0,"50":0,"53":0,"57":0,"60":0,"61":0,"63":0,"65":0,"66":0,"67":0,"68":0,"70":0,"73":0,"76":0,"199":0,"205":0,"207":0,"208":0,"209":0,"210":0,"211":0,"216":0,"221":0,"224":0,"226":0,"229":0,"234":0,"235":0,"239":0,"242":0,"245":0,"247":0,"249":0,"252":0,"253":0,"255":0,"256":0,"262":0,"264":0,"266":0,"268":0,"270":0,"276":0}},"/home/travis/build/npmtest/node-npmtest-fauxton/node_modules/fauxton/jest-setup.js":{"path":"/home/travis/build/npmtest/node-npmtest-fauxton/node_modules/fauxton/jest-setup.js","s":{"1":2,"2":0,"3":0,"4":0,"5":0,"6":0},"b":{},"f":{},"fnMap":{},"statementMap":{"1":{"start":{"line":13,"column":0},"end":{"line":13,"column":16}},"2":{"start":{"line":14,"column":0},"end":{"line":14,"column":24}},"3":{"start":{"line":16,"column":0},"end":{"line":16,"column":45}},"4":{"start":{"line":17,"column":0},"end":{"line":17,"column":29}},"5":{"start":{"line":18,"column":0},"end":{"line":18,"column":38}},"6":{"start":{"line":20,"column":0},"end":{"line":23,"column":3}}},"branchMap":{},"code":["// Licensed under the Apache License, Version 2.0 (the \"License\"); you may not","// use this file except in compliance with the License. You may obtain a copy of","// the License at","//","//   http://www.apache.org/licenses/LICENSE-2.0","//","// Unless required by applicable law or agreed to in writing, software","// distributed under the License is distributed on an \"AS IS\" BASIS, WITHOUT","// WARRANTIES OR CONDITIONS OF ANY KIND, either express or implied. See the","// License for the specific language governing permissions and limitations under","// the License.","","require('jest');","require('whatwg-fetch');","","window.$ = window.jQuery = require('jquery');","window._ = require('lodash');","window.Backbone = require('backbone');","","Object.defineProperty(window.location, 'origin', {","  writable: true,","  value: 'http://dev:8000'","});","","",""],"l":{"13":2,"14":0,"16":0,"17":0,"18":0,"20":0}},"/home/travis/build/npmtest/node-npmtest-fauxton/node_modules/fauxton/version-check.js":{"path":"/home/travis/build/npmtest/node-npmtest-fauxton/node_modules/fauxton/version-check.js","s":{"1":1,"2":1,"3":1,"4":0,"5":0,"6":0},"b":{"1":[0,1]},"f":{},"fnMap":{},"statementMap":{"1":{"start":{"line":1,"column":0},"end":{"line":1,"column":31}},"2":{"start":{"line":3,"column":0},"end":{"line":3,"column":48}},"3":{"start":{"line":5,"column":0},"end":{"line":9,"column":1}},"4":{"start":{"line":6,"column":2},"end":{"line":6,"column":26}},"5":{"start":{"line":7,"column":2},"end":{"line":7,"column":59}},"6":{"start":{"line":8,"column":2},"end":{"line":8,"column":18}}},"branchMap":{"1":{"line":5,"type":"if","locations":[{"start":{"line":5,"column":0},"end":{"line":5,"column":0}},{"start":{"line":5,"column":0},"end":{"line":5,"column":0}}]}},"code":["var semver = require('semver');","","var version = process.version.replace(/^v/, '');","","if (!semver.satisfies(version, '>=4')) {","  console.error('Error:');","  console.error('Fauxton needs Node 4 or greater to work');","  process.exit(1);","}",""],"l":{"1":1,"3":1,"5":1,"6":0,"7":0,"8":0}},"/home/travis/build/npmtest/node-npmtest-fauxton/node_modules/fauxton/webpack.config.release.js":{"path":"/home/travis/build/npmtest/node-npmtest-fauxton/node_modules/fauxton/webpack.config.release.js","s":{"1":2,"2":2,"3":2,"4":2,"5":2,"6":0,"7":0},"b":{"1":[0,0]},"f":{"1":0},"fnMap":{"1":{"name":"(anonymous_1)","line":51,"loc":{"start":{"line":51,"column":17},"end":{"line":51,"column":35}}}},"statementMap":{"1":{"start":{"line":12,"column":0},"end":{"line":12,"column":33}},"2":{"start":{"line":13,"column":0},"end":{"line":13,"column":63}},"3":{"start":{"line":14,"column":0},"end":{"line":14,"column":55}},"4":{"start":{"line":15,"column":0},"end":{"line":15,"column":27}},"5":{"start":{"line":16,"column":0},"end":{"line":20,"column":29}},"6":{"start":{"line":22,"column":0},"end":{"line":146,"column":2}},"7":{"start":{"line":53,"column":8},"end":{"line":53,"column":79}}},"branchMap":{"1":{"line":53,"type":"binary-expr","locations":[{"start":{"line":53,"column":15},"end":{"line":53,"column":29}},{"start":{"line":53,"column":33},"end":{"line":53,"column":78}}]}},"code":["// Licensed under the Apache License, Version 2.0 (the \"License\"); you may not","// use this file except in compliance with the License. You may obtain a copy of","// the License at","//","//   http://www.apache.org/licenses/LICENSE-2.0","//","// Unless required by applicable law or agreed to in writing, software","// distributed under the License is distributed on an \"AS IS\" BASIS, WITHOUT","// WARRANTIES OR CONDITIONS OF ANY KIND, either express or implied. See the","// License for the specific language governing permissions and limitations under","// the License.","var webpack = require('webpack');","var ExtractTextPlugin = require(\"extract-text-webpack-plugin\");","var HtmlWebpackPlugin = require('html-webpack-plugin');","var path = require('path');","const settings = require('./tasks/helper')","                    .init()","                    .readSettingsFile()","                    .template","                    .release;","","module.exports = {","  // Entry point for static analyzer:","  entry: {","    bundle: './app/main.js'","  },","","  output: {","    path: path.join(__dirname, '/dist/release/'),","    filename: 'dashboard.assets/js/[name].[chunkhash].js'","  },","","  plugins: [","    new webpack.optimize.LimitChunkCountPlugin({maxChunks: 1}),","    new webpack.DefinePlugin({","      'process.env': {","        'NODE_ENV': JSON.stringify('production') // This has effect on the react lib size","      }","    }),","    // moment doesn't offer a modular API, so manually remove locale","    // see https://github.com/moment/moment/issues/2373","    new webpack.IgnorePlugin(/^\\.\\/locale$/, /moment$/),","    new webpack.optimize.UglifyJsPlugin({","      compress: {","        warnings: false","      },","      sourceMap: true","    }),","    new webpack.optimize.CommonsChunkPlugin({","      name: 'vendor', // Specify the common bundle's name.","      minChunks: function (module) {","        // this assumes your vendor imports exist in the node_modules directory","        return module.context && module.context.indexOf('node_modules') !== -1;","      }","    }),","    new webpack.optimize.CommonsChunkPlugin({","      name: \"manifest\",","      minChunks: Infinity","    }),","    new HtmlWebpackPlugin(Object.assign({","      template: settings.src,","      title: 'Project Fauxton',","      filename: 'index.html',","      generationLabel: 'Fauxton Release',","      generationDate: new Date().toISOString()","    }, settings.variables)),","    new ExtractTextPlugin(\"dashboard.assets/css/styles.[chunkhash].css\"),","  ],","","  resolve: {","    // Allow to omit extensions when requiring these files","    extensions: ['', '.js', '.jsx']","  },","","  module: {","    loaders: [","    {","      test: /\\.jsx?$/,","      enforce: \"pre\",","      use: ['eslint-loader'],","      exclude: /node_modules/","    },","    {","      test: /\\.jsx?$/,","      exclude: /node_modules/,","      use: 'babel-loader'","    },","    {","      test: require.resolve('jquery'),","      use: [{","          loader: 'expose-loader',","          options: 'jQuery'","      },","      {","          loader: 'expose-loader',","          options: '$'","      }]","     },","     {","      test: require.resolve(\"backbone\"),","      use: [{","          loader: 'expose-loader',","          options: 'Backbone'","      }]","    },","    {","      test: /\\.less/,","      use: ExtractTextPlugin.extract({","        fallback: \"style-loader\",","        use: [","          \"css-loader\",","          \"less-loader\"","        ],","        publicPath: '../../'","      }),","    },","    {","      test: /\\.css$/, use: [","        'style-loader',","        'css-loader'","        ]","    },","    {","      test: /\\.woff(\\?v=\\d+\\.\\d+\\.\\d+)?$/,","      loader: 'url-loader?limit=10000&mimetype=application/font-woff&name=dashboard.assets/fonts/[name].[ext]'","    },","    {","      test: /\\.woff2(\\?\\S*)?$/,   loader: 'url-loader?limit=10000&mimetype=application/font-woff2&name=dashboard.assets/fonts/[name].[ext]'","    },","    {","      test: /\\.ttf(\\?v=\\d+\\.\\d+\\.\\d+)?$/,    loader: 'url-loader?limit=10000&mimetype=application/font-tff&name=dashboard.assets/fonts/[name].[ext]'","    },","    { test: /\\.eot(\\?v=\\d+\\.\\d+\\.\\d+)?$/,    loader: 'file-loader?name=dashboard.assets/fonts/[name].[ext]' },","    { test: /\\.png(\\?v=\\d+\\.\\d+\\.\\d+)?$/,    loader: 'file-loader?name=dashboard.assets/img/[name].[ext]' },","    { test: /\\.gif(\\?v=\\d+\\.\\d+\\.\\d+)?$/,    loader: 'file-loader?name=dashboard.assets/img/[name].[ext]' },","    { test: /\\.svg(\\?v=\\d+\\.\\d+\\.\\d+)?$/,    loader: 'url-loader?limit=10000&mimetype=image/svg+xml&name=dashboard.assets/img/[name].[ext]' }","    ]","  },","  resolve: {","    extensions: ['*', '.js', '.jsx'],","    alias: {","      \"underscore\": \"lodash\",","      \"bootstrap\": \"../assets/js/libs/bootstrap\",","    }","  }","};",""],"l":{"12":2,"13":2,"14":2,"15":2,"16":2,"22":0,"53":0}}}